{"/home/riccardo/Documents/Git/testsFolder/back_end/app.ts": {"path":"/home/riccardo/Documents/Git/testsFolder/back_end/app.ts","statementMap":{"0":{"start":{"line":1,"column":0},"end":{"line":1,"column":29}},"1":{"start":{"line":3,"column":0},"end":{"line":3,"column":40}},"2":{"start":{"line":6,"column":0},"end":{"line":6,"column":77}},"3":{"start":{"line":7,"column":0},"end":{"line":7,"column":87}},"4":{"start":{"line":8,"column":0},"end":{"line":8,"column":86}},"5":{"start":{"line":10,"column":33},"end":{"line":10,"column":42}},"6":{"start":{"line":11,"column":13},"end":{"line":11,"column":28}},"7":{"start":{"line":12,"column":13},"end":{"line":12,"column":37}},"8":{"start":{"line":13,"column":42},"end":{"line":13,"column":44}},"9":{"start":{"line":16,"column":0},"end":{"line":16,"column":24}},"10":{"start":{"line":17,"column":0},"end":{"line":17,"column":24}},"11":{"start":{"line":18,"column":0},"end":{"line":18,"column":68}},"12":{"start":{"line":22,"column":0},"end":{"line":22,"column":34}},"13":{"start":{"line":23,"column":0},"end":{"line":23,"column":37}},"14":{"start":{"line":24,"column":0},"end":{"line":24,"column":39}},"15":{"start":{"line":27,"column":23},"end":{"line":27,"column":67}},"16":{"start":{"line":28,"column":0},"end":{"line":30,"column":3}},"17":{"start":{"line":29,"column":4},"end":{"line":29,"column":null}},"18":{"start":{"line":32,"column":0},"end":{"line":38,"column":1}},"19":{"start":{"line":33,"column":4},"end":{"line":37,"column":7}},"20":{"start":{"line":36,"column":8},"end":{"line":36,"column":36}},"21":{"start":{"line":40,"column":0},"end":{"line":40,"column":19}}},"fnMap":{"0":{"name":"(anonymous_1)","decl":{"start":{"line":28,"column":13},"end":{"line":28,"column":14}},"loc":{"start":{"line":28,"column":61},"end":{"line":30,"column":1}}},"1":{"name":"(anonymous_2)","decl":{"start":{"line":33,"column":21},"end":{"line":33,"column":24}},"loc":{"start":{"line":33,"column":26},"end":{"line":37,"column":5}}}},"branchMap":{"0":{"loc":{"start":{"line":12,"column":13},"end":{"line":12,"column":37}},"type":"binary-expr","locations":[{"start":{"line":12,"column":13},"end":{"line":12,"column":29}},{"start":{"line":12,"column":33},"end":{"line":12,"column":37}}]},"1":{"loc":{"start":{"line":32,"column":0},"end":{"line":38,"column":1}},"type":"if","locations":[{"start":{"line":32,"column":0},"end":{"line":38,"column":1}}]}},"s":{"0":3,"1":3,"2":3,"3":3,"4":3,"5":3,"6":3,"7":3,"8":3,"9":3,"10":3,"11":3,"12":3,"13":3,"14":3,"15":3,"16":3,"17":0,"18":3,"19":0,"20":0,"21":3},"f":{"0":0,"1":0},"b":{"0":[3,0],"1":[0]}}
,"/home/riccardo/Documents/Git/testsFolder/back_end/src/functionalities/apartments/apartments.router.ts": {"path":"/home/riccardo/Documents/Git/testsFolder/back_end/src/functionalities/apartments/apartments.router.ts","statementMap":{"0":{"start":{"line":3,"column":0},"end":{"line":3,"column":71}},"1":{"start":{"line":4,"column":0},"end":{"line":4,"column":70}},"2":{"start":{"line":5,"column":0},"end":{"line":5,"column":68}},"3":{"start":{"line":6,"column":0},"end":{"line":6,"column":67}},"4":{"start":{"line":7,"column":0},"end":{"line":7,"column":76}},"5":{"start":{"line":11,"column":8},"end":{"line":11,"column":40}},"6":{"start":{"line":15,"column":8},"end":{"line":19,"column":47}},"7":{"start":{"line":21,"column":8},"end":{"line":21,"column":79}},"8":{"start":{"line":22,"column":8},"end":{"line":26,"column":53}},"9":{"start":{"line":28,"column":8},"end":{"line":33,"column":11}},"10":{"start":{"line":35,"column":8},"end":{"line":38,"column":48}},"11":{"start":{"line":41,"column":8},"end":{"line":47,"column":64}},"12":{"start":{"line":49,"column":8},"end":{"line":55,"column":73}},"13":{"start":{"line":57,"column":8},"end":{"line":60,"column":53}},"14":{"start":{"line":64,"column":8},"end":{"line":69,"column":72}},"15":{"start":{"line":71,"column":8},"end":{"line":71,"column":24}},"16":{"start":{"line":9,"column":0},"end":{"line":9,"column":13}}},"fnMap":{"0":{"name":"(anonymous_1)","decl":{"start":{"line":10,"column":4},"end":{"line":10,"column":16}},"loc":{"start":{"line":10,"column":40},"end":{"line":12,"column":5}}},"1":{"name":"(anonymous_2)","decl":{"start":{"line":14,"column":4},"end":{"line":14,"column":19}},"loc":{"start":{"line":14,"column":19},"end":{"line":72,"column":5}}}},"branchMap":{},"s":{"0":3,"1":3,"2":3,"3":3,"4":3,"5":3,"6":3,"7":3,"8":3,"9":3,"10":3,"11":3,"12":3,"13":3,"14":3,"15":3,"16":3},"f":{"0":3,"1":3},"b":{}}
,"/home/riccardo/Documents/Git/testsFolder/back_end/src/functionalities/apartments/controllers/apartments.controller.ts": {"path":"/home/riccardo/Documents/Git/testsFolder/back_end/src/functionalities/apartments/controllers/apartments.controller.ts","statementMap":{"0":{"start":{"line":3,"column":0},"end":{"line":3,"column":60}},"1":{"start":{"line":5,"column":0},"end":{"line":5,"column":55}},"2":{"start":{"line":9,"column":27},"end":{"line":9,"column":62}},"3":{"start":{"line":10,"column":8},"end":{"line":10,"column":41}},"4":{"start":{"line":14,"column":25},"end":{"line":14,"column":87}},"5":{"start":{"line":16,"column":8},"end":{"line":19,"column":9}},"6":{"start":{"line":17,"column":31},"end":{"line":17,"column":90}},"7":{"start":{"line":18,"column":12},"end":{"line":18,"column":45}},"8":{"start":{"line":23,"column":26},"end":{"line":23,"column":70}},"9":{"start":{"line":24,"column":8},"end":{"line":24,"column":40}},"10":{"start":{"line":28,"column":26},"end":{"line":28,"column":45}},"11":{"start":{"line":29,"column":29},"end":{"line":29,"column":72}},"12":{"start":{"line":30,"column":8},"end":{"line":30,"column":46}},"13":{"start":{"line":31,"column":8},"end":{"line":31,"column":48}},"14":{"start":{"line":33,"column":28},"end":{"line":33,"column":67}},"15":{"start":{"line":34,"column":8},"end":{"line":34,"column":48}},"16":{"start":{"line":38,"column":8},"end":{"line":38,"column":62}},"17":{"start":{"line":39,"column":8},"end":{"line":39,"column":31}},"18":{"start":{"line":43,"column":8},"end":{"line":43,"column":64}},"19":{"start":{"line":44,"column":8},"end":{"line":44,"column":31}},"20":{"start":{"line":48,"column":8},"end":{"line":48,"column":55}},"21":{"start":{"line":49,"column":8},"end":{"line":49,"column":31}},"22":{"start":{"line":53,"column":24},"end":{"line":53,"column":70}},"23":{"start":{"line":54,"column":8},"end":{"line":54,"column":38}},"24":{"start":{"line":58,"column":25},"end":{"line":58,"column":72}},"25":{"start":{"line":59,"column":8},"end":{"line":59,"column":39}},"26":{"start":{"line":63,"column":26},"end":{"line":63,"column":82}},"27":{"start":{"line":64,"column":8},"end":{"line":64,"column":46}},"28":{"start":{"line":68,"column":8},"end":{"line":68,"column":78}},"29":{"start":{"line":69,"column":8},"end":{"line":69,"column":72}},"30":{"start":{"line":73,"column":25},"end":{"line":73,"column":87}},"31":{"start":{"line":75,"column":8},"end":{"line":80,"column":9}},"32":{"start":{"line":76,"column":12},"end":{"line":76,"column":68}},"33":{"start":{"line":77,"column":12},"end":{"line":77,"column":73}},"34":{"start":{"line":79,"column":12},"end":{"line":79,"column":69}},"35":{"start":{"line":84,"column":25},"end":{"line":84,"column":87}},"36":{"start":{"line":86,"column":8},"end":{"line":91,"column":9}},"37":{"start":{"line":87,"column":12},"end":{"line":87,"column":71}},"38":{"start":{"line":88,"column":12},"end":{"line":88,"column":77}},"39":{"start":{"line":90,"column":12},"end":{"line":90,"column":69}},"40":{"start":{"line":95,"column":25},"end":{"line":95,"column":72}},"41":{"start":{"line":96,"column":24},"end":{"line":96,"column":70}},"42":{"start":{"line":99,"column":36},"end":{"line":99,"column":38}},"43":{"start":{"line":101,"column":8},"end":{"line":106,"column":11}},"44":{"start":{"line":102,"column":12},"end":{"line":105,"column":13}},"45":{"start":{"line":103,"column":41},"end":{"line":103,"column":70}},"46":{"start":{"line":104,"column":16},"end":{"line":104,"column":39}},"47":{"start":{"line":108,"column":39},"end":{"line":108,"column":41}},"48":{"start":{"line":110,"column":8},"end":{"line":124,"column":11}},"49":{"start":{"line":112,"column":46},"end":{"line":112,"column":48}},"50":{"start":{"line":114,"column":12},"end":{"line":114,"column":108}},"51":{"start":{"line":114,"column":39},"end":{"line":114,"column":106}},"52":{"start":{"line":116,"column":12},"end":{"line":123,"column":13}},"53":{"start":{"line":117,"column":16},"end":{"line":122,"column":18}},"54":{"start":{"line":127,"column":8},"end":{"line":147,"column":11}},"55":{"start":{"line":129,"column":26},"end":{"line":129,"column":40}},"56":{"start":{"line":130,"column":27},"end":{"line":130,"column":43}},"57":{"start":{"line":131,"column":28},"end":{"line":131,"column":44}},"58":{"start":{"line":133,"column":12},"end":{"line":146,"column":13}},"59":{"start":{"line":134,"column":40},"end":{"line":134,"column":68}},"60":{"start":{"line":135,"column":36},"end":{"line":135,"column":83}},"61":{"start":{"line":135,"column":58},"end":{"line":135,"column":82}},"62":{"start":{"line":137,"column":16},"end":{"line":145,"column":19}},"63":{"start":{"line":138,"column":20},"end":{"line":144,"column":21}},"64":{"start":{"line":139,"column":43},"end":{"line":139,"column":106}},"65":{"start":{"line":139,"column":80},"end":{"line":139,"column":105}},"66":{"start":{"line":141,"column":24},"end":{"line":143,"column":25}},"67":{"start":{"line":142,"column":28},"end":{"line":142,"column":67}},"68":{"start":{"line":149,"column":8},"end":{"line":149,"column":37}},"69":{"start":{"line":153,"column":29},"end":{"line":153,"column":72}},"70":{"start":{"line":155,"column":8},"end":{"line":155,"column":36}},"71":{"start":{"line":159,"column":0},"end":{"line":159,"column":42}}},"fnMap":{"0":{"name":"(anonymous_8)","decl":{"start":{"line":8,"column":10},"end":{"line":8,"column":23}},"loc":{"start":{"line":8,"column":67},"end":{"line":11,"column":null}}},"1":{"name":"(anonymous_10)","decl":{"start":{"line":13,"column":10},"end":{"line":13,"column":27}},"loc":{"start":{"line":13,"column":71},"end":{"line":20,"column":null}}},"2":{"name":"(anonymous_12)","decl":{"start":{"line":22,"column":10},"end":{"line":22,"column":26}},"loc":{"start":{"line":22,"column":70},"end":{"line":25,"column":null}}},"3":{"name":"(anonymous_14)","decl":{"start":{"line":27,"column":10},"end":{"line":27,"column":14}},"loc":{"start":{"line":27,"column":58},"end":{"line":35,"column":null}}},"4":{"name":"(anonymous_16)","decl":{"start":{"line":37,"column":10},"end":{"line":37,"column":13}},"loc":{"start":{"line":37,"column":57},"end":{"line":40,"column":null}}},"5":{"name":"(anonymous_18)","decl":{"start":{"line":42,"column":10},"end":{"line":42,"column":15}},"loc":{"start":{"line":42,"column":59},"end":{"line":45,"column":null}}},"6":{"name":"(anonymous_20)","decl":{"start":{"line":47,"column":10},"end":{"line":47,"column":16}},"loc":{"start":{"line":47,"column":60},"end":{"line":50,"column":null}}},"7":{"name":"(anonymous_22)","decl":{"start":{"line":52,"column":10},"end":{"line":52,"column":29}},"loc":{"start":{"line":52,"column":73},"end":{"line":55,"column":null}}},"8":{"name":"(anonymous_24)","decl":{"start":{"line":57,"column":10},"end":{"line":57,"column":30}},"loc":{"start":{"line":57,"column":74},"end":{"line":60,"column":null}}},"9":{"name":"(anonymous_26)","decl":{"start":{"line":62,"column":10},"end":{"line":62,"column":31}},"loc":{"start":{"line":62,"column":75},"end":{"line":65,"column":null}}},"10":{"name":"(anonymous_28)","decl":{"start":{"line":67,"column":10},"end":{"line":67,"column":36}},"loc":{"start":{"line":67,"column":80},"end":{"line":70,"column":null}}},"11":{"name":"(anonymous_30)","decl":{"start":{"line":72,"column":10},"end":{"line":72,"column":30}},"loc":{"start":{"line":72,"column":74},"end":{"line":81,"column":null}}},"12":{"name":"(anonymous_32)","decl":{"start":{"line":83,"column":10},"end":{"line":83,"column":35}},"loc":{"start":{"line":83,"column":79},"end":{"line":92,"column":null}}},"13":{"name":"(anonymous_34)","decl":{"start":{"line":94,"column":10},"end":{"line":94,"column":19}},"loc":{"start":{"line":94,"column":63},"end":{"line":150,"column":null}}},"14":{"name":"(anonymous_36)","decl":{"start":{"line":101,"column":24},"end":{"line":101,"column":25}},"loc":{"start":{"line":101,"column":35},"end":{"line":106,"column":9}}},"15":{"name":"(anonymous_37)","decl":{"start":{"line":110,"column":24},"end":{"line":110,"column":25}},"loc":{"start":{"line":110,"column":35},"end":{"line":124,"column":9}}},"16":{"name":"(anonymous_38)","decl":{"start":{"line":114,"column":29},"end":{"line":114,"column":30}},"loc":{"start":{"line":114,"column":39},"end":{"line":114,"column":106}}},"17":{"name":"(anonymous_39)","decl":{"start":{"line":127,"column":25},"end":{"line":127,"column":26}},"loc":{"start":{"line":127,"column":37},"end":{"line":147,"column":9}}},"18":{"name":"(anonymous_40)","decl":{"start":{"line":135,"column":48},"end":{"line":135,"column":49}},"loc":{"start":{"line":135,"column":58},"end":{"line":135,"column":82}}},"19":{"name":"(anonymous_41)","decl":{"start":{"line":137,"column":34},"end":{"line":137,"column":35}},"loc":{"start":{"line":137,"column":46},"end":{"line":145,"column":17}}},"20":{"name":"(anonymous_42)","decl":{"start":{"line":139,"column":70},"end":{"line":139,"column":71}},"loc":{"start":{"line":139,"column":80},"end":{"line":139,"column":105}}},"21":{"name":"(anonymous_43)","decl":{"start":{"line":152,"column":4},"end":{"line":152,"column":10}},"loc":{"start":{"line":152,"column":49},"end":{"line":156,"column":null}}}},"branchMap":{"0":{"loc":{"start":{"line":16,"column":8},"end":{"line":19,"column":9}},"type":"if","locations":[{"start":{"line":16,"column":8},"end":{"line":19,"column":9}}]},"1":{"loc":{"start":{"line":30,"column":25},"end":{"line":30,"column":45}},"type":"cond-expr","locations":[{"start":{"line":30,"column":37},"end":{"line":30,"column":39}},{"start":{"line":30,"column":25},"end":{"line":30,"column":45}}]},"2":{"loc":{"start":{"line":30,"column":25},"end":{"line":30,"column":39}},"type":"binary-expr","locations":[{"start":{"line":30,"column":25},"end":{"line":30,"column":39}},{"start":{"line":30,"column":25},"end":{"line":30,"column":39}}]},"3":{"loc":{"start":{"line":31,"column":26},"end":{"line":31,"column":46}},"type":"cond-expr","locations":[{"start":{"line":31,"column":38},"end":{"line":31,"column":40}},{"start":{"line":31,"column":26},"end":{"line":31,"column":46}}]},"4":{"loc":{"start":{"line":31,"column":26},"end":{"line":31,"column":40}},"type":"binary-expr","locations":[{"start":{"line":31,"column":26},"end":{"line":31,"column":40}},{"start":{"line":31,"column":26},"end":{"line":31,"column":40}}]},"5":{"loc":{"start":{"line":75,"column":8},"end":{"line":80,"column":9}},"type":"if","locations":[{"start":{"line":75,"column":8},"end":{"line":80,"column":9}},{"start":{"line":78,"column":13},"end":{"line":80,"column":9}}]},"6":{"loc":{"start":{"line":86,"column":8},"end":{"line":91,"column":9}},"type":"if","locations":[{"start":{"line":86,"column":8},"end":{"line":91,"column":9}},{"start":{"line":89,"column":13},"end":{"line":91,"column":9}}]},"7":{"loc":{"start":{"line":102,"column":12},"end":{"line":105,"column":13}},"type":"if","locations":[{"start":{"line":102,"column":12},"end":{"line":105,"column":13}}]},"8":{"loc":{"start":{"line":116,"column":12},"end":{"line":123,"column":13}},"type":"if","locations":[{"start":{"line":116,"column":12},"end":{"line":123,"column":13}}]},"9":{"loc":{"start":{"line":133,"column":12},"end":{"line":146,"column":13}},"type":"if","locations":[{"start":{"line":133,"column":12},"end":{"line":146,"column":13}}]},"10":{"loc":{"start":{"line":133,"column":15},"end":{"line":133,"column":34}},"type":"binary-expr","locations":[{"start":{"line":133,"column":15},"end":{"line":133,"column":22}},{"start":{"line":133,"column":26},"end":{"line":133,"column":34}}]},"11":{"loc":{"start":{"line":138,"column":20},"end":{"line":144,"column":21}},"type":"if","locations":[{"start":{"line":138,"column":20},"end":{"line":144,"column":21}}]},"12":{"loc":{"start":{"line":139,"column":43},"end":{"line":139,"column":106}},"type":"cond-expr","locations":[{"start":{"line":139,"column":54},"end":{"line":139,"column":56}},{"start":{"line":139,"column":43},"end":{"line":139,"column":106}}]},"13":{"loc":{"start":{"line":139,"column":43},"end":{"line":139,"column":56}},"type":"binary-expr","locations":[{"start":{"line":139,"column":43},"end":{"line":139,"column":56}},{"start":{"line":139,"column":43},"end":{"line":139,"column":56}}]},"14":{"loc":{"start":{"line":141,"column":24},"end":{"line":143,"column":25}},"type":"if","locations":[{"start":{"line":141,"column":24},"end":{"line":143,"column":25}}]},"15":{"loc":{"start":{"line":155,"column":15},"end":{"line":155,"column":35}},"type":"cond-expr","locations":[{"start":{"line":155,"column":27},"end":{"line":155,"column":29}},{"start":{"line":155,"column":15},"end":{"line":155,"column":35}}]},"16":{"loc":{"start":{"line":155,"column":15},"end":{"line":155,"column":29}},"type":"binary-expr","locations":[{"start":{"line":155,"column":15},"end":{"line":155,"column":29}},{"start":{"line":155,"column":15},"end":{"line":155,"column":29}}]}},"s":{"0":3,"1":3,"2":0,"3":0,"4":1,"5":1,"6":1,"7":1,"8":3,"9":3,"10":3,"11":3,"12":3,"13":3,"14":3,"15":3,"16":1,"17":1,"18":2,"19":2,"20":3,"21":3,"22":1,"23":1,"24":1,"25":1,"26":2,"27":2,"28":1,"29":1,"30":1,"31":1,"32":1,"33":1,"34":0,"35":1,"36":1,"37":1,"38":1,"39":0,"40":1,"41":1,"42":1,"43":1,"44":3,"45":3,"46":3,"47":1,"48":1,"49":3,"50":3,"51":9,"52":3,"53":3,"54":1,"55":2,"56":2,"57":2,"58":2,"59":2,"60":2,"61":4,"62":2,"63":4,"64":4,"65":8,"66":4,"67":4,"68":1,"69":3,"70":3,"71":3},"f":{"0":0,"1":1,"2":3,"3":3,"4":1,"5":2,"6":3,"7":1,"8":1,"9":2,"10":1,"11":1,"12":1,"13":1,"14":3,"15":3,"16":9,"17":2,"18":4,"19":4,"20":8,"21":3},"b":{"0":[1],"1":[0,3],"2":[3,3],"3":[0,3],"4":[3,3],"5":[1,0],"6":[1,0],"7":[3],"8":[3],"9":[2],"10":[2,2],"11":[4],"12":[0,4],"13":[4,4],"14":[4],"15":[0,3],"16":[3,3]}}
,"/home/riccardo/Documents/Git/testsFolder/back_end/src/functionalities/apartments/dao/apartments.dao.ts": {"path":"/home/riccardo/Documents/Git/testsFolder/back_end/src/functionalities/apartments/dao/apartments.dao.ts","statementMap":{"0":{"start":{"line":1,"column":0},"end":{"line":1,"column":69}},"1":{"start":{"line":3,"column":0},"end":{"line":3,"column":30}},"2":{"start":{"line":7,"column":0},"end":{"line":7,"column":58}},"3":{"start":{"line":9,"column":0},"end":{"line":9,"column":71}},"4":{"start":{"line":12,"column":4},"end":{"line":12,"column":49}},"5":{"start":{"line":14,"column":4},"end":{"line":21,"column":20}},"6":{"start":{"line":23,"column":4},"end":{"line":23,"column":88}},"7":{"start":{"line":27,"column":8},"end":{"line":30,"column":28}},"8":{"start":{"line":34,"column":8},"end":{"line":39,"column":28}},"9":{"start":{"line":43,"column":8},"end":{"line":43,"column":56}},"10":{"start":{"line":47,"column":26},"end":{"line":47,"column":73}},"11":{"start":{"line":49,"column":8},"end":{"line":51,"column":9}},"12":{"start":{"line":50,"column":12},"end":{"line":50,"column":35}},"13":{"start":{"line":53,"column":8},"end":{"line":53,"column":18}},"14":{"start":{"line":57,"column":26},"end":{"line":57,"column":73}},"15":{"start":{"line":59,"column":8},"end":{"line":65,"column":9}},"16":{"start":{"line":60,"column":32},"end":{"line":60,"column":50}},"17":{"start":{"line":62,"column":29},"end":{"line":62,"column":52}},"18":{"start":{"line":64,"column":12},"end":{"line":64,"column":72}},"19":{"start":{"line":67,"column":8},"end":{"line":67,"column":18}},"20":{"start":{"line":72,"column":28},"end":{"line":72,"column":46}},"21":{"start":{"line":73,"column":26},"end":{"line":75,"column":null}},"22":{"start":{"line":78,"column":8},"end":{"line":78,"column":31}},"23":{"start":{"line":79,"column":8},"end":{"line":79,"column":27}},"24":{"start":{"line":84,"column":8},"end":{"line":88,"column":17}},"25":{"start":{"line":92,"column":26},"end":{"line":92,"column":69}},"26":{"start":{"line":93,"column":8},"end":{"line":96,"column":17}},"27":{"start":{"line":97,"column":8},"end":{"line":97,"column":25}},"28":{"start":{"line":101,"column":8},"end":{"line":105,"column":17}},"29":{"start":{"line":110,"column":8},"end":{"line":110,"column":66}},"30":{"start":{"line":115,"column":8},"end":{"line":119,"column":17}},"31":{"start":{"line":123,"column":8},"end":{"line":127,"column":17}},"32":{"start":{"line":129,"column":8},"end":{"line":129,"column":52}},"33":{"start":{"line":133,"column":0},"end":{"line":133,"column":35}}},"fnMap":{"0":{"name":"(anonymous_8)","decl":{"start":{"line":11,"column":0},"end":{"line":11,"column":6}},"loc":{"start":{"line":11,"column":0},"end":{"line":131,"column":1}}},"1":{"name":"(anonymous_9)","decl":{"start":{"line":26,"column":10},"end":{"line":26,"column":24}},"loc":{"start":{"line":26,"column":45},"end":{"line":31,"column":null}}},"2":{"name":"(anonymous_11)","decl":{"start":{"line":33,"column":10},"end":{"line":33,"column":28}},"loc":{"start":{"line":33,"column":67},"end":{"line":40,"column":null}}},"3":{"name":"(anonymous_13)","decl":{"start":{"line":42,"column":10},"end":{"line":42,"column":26}},"loc":{"start":{"line":42,"column":37},"end":{"line":44,"column":null}}},"4":{"name":"(anonymous_15)","decl":{"start":{"line":46,"column":10},"end":{"line":46,"column":29}},"loc":{"start":{"line":46,"column":40},"end":{"line":54,"column":null}}},"5":{"name":"(anonymous_17)","decl":{"start":{"line":56,"column":10},"end":{"line":56,"column":30}},"loc":{"start":{"line":56,"column":41},"end":{"line":68,"column":null}}},"6":{"name":"(anonymous_19)","decl":{"start":{"line":71,"column":10},"end":{"line":71,"column":23}},"loc":{"start":{"line":71,"column":51},"end":{"line":80,"column":null}}},"7":{"name":"(anonymous_21)","decl":{"start":{"line":83,"column":10},"end":{"line":83,"column":29}},"loc":{"start":{"line":83,"column":100},"end":{"line":89,"column":null}}},"8":{"name":"(anonymous_23)","decl":{"start":{"line":91,"column":10},"end":{"line":91,"column":31}},"loc":{"start":{"line":91,"column":76},"end":{"line":98,"column":null}}},"9":{"name":"(anonymous_25)","decl":{"start":{"line":100,"column":10},"end":{"line":100,"column":30}},"loc":{"start":{"line":100,"column":66},"end":{"line":106,"column":null}}},"10":{"name":"(anonymous_27)","decl":{"start":{"line":109,"column":10},"end":{"line":109,"column":20}},"loc":{"start":{"line":109,"column":40},"end":{"line":111,"column":null}}},"11":{"name":"(anonymous_29)","decl":{"start":{"line":114,"column":10},"end":{"line":114,"column":22}},"loc":{"start":{"line":114,"column":51},"end":{"line":120,"column":null}}},"12":{"name":"(anonymous_31)","decl":{"start":{"line":122,"column":10},"end":{"line":122,"column":23}},"loc":{"start":{"line":122,"column":53},"end":{"line":130,"column":null}}}},"branchMap":{"0":{"loc":{"start":{"line":26,"column":25},"end":{"line":26,"column":35}},"type":"default-arg","locations":[{"start":{"line":26,"column":33},"end":{"line":26,"column":35}}]},"1":{"loc":{"start":{"line":26,"column":37},"end":{"line":26,"column":45}},"type":"default-arg","locations":[{"start":{"line":26,"column":44},"end":{"line":26,"column":45}}]},"2":{"loc":{"start":{"line":33,"column":29},"end":{"line":33,"column":39}},"type":"default-arg","locations":[{"start":{"line":33,"column":37},"end":{"line":33,"column":39}}]},"3":{"loc":{"start":{"line":33,"column":41},"end":{"line":33,"column":49}},"type":"default-arg","locations":[{"start":{"line":33,"column":48},"end":{"line":33,"column":49}}]},"4":{"loc":{"start":{"line":49,"column":8},"end":{"line":51,"column":9}},"type":"if","locations":[{"start":{"line":49,"column":8},"end":{"line":51,"column":9}}]},"5":{"loc":{"start":{"line":59,"column":8},"end":{"line":65,"column":9}},"type":"if","locations":[{"start":{"line":59,"column":8},"end":{"line":65,"column":9}}]}},"s":{"0":3,"1":3,"2":3,"3":3,"4":3,"5":3,"6":3,"7":0,"8":1,"9":41,"10":2,"11":2,"12":2,"13":0,"14":2,"15":2,"16":2,"17":2,"18":2,"19":0,"20":3,"21":3,"22":3,"23":3,"24":3,"25":2,"26":2,"27":2,"28":1,"29":3,"30":1,"31":1,"32":1,"33":3},"f":{"0":3,"1":0,"2":1,"3":41,"4":2,"5":2,"6":3,"7":3,"8":2,"9":1,"10":3,"11":1,"12":1},"b":{"0":[0],"1":[0],"2":[0],"3":[0],"4":[2],"5":[2]}}
,"/home/riccardo/Documents/Git/testsFolder/back_end/src/functionalities/apartments/middleware/apartments.middleware.ts": {"path":"/home/riccardo/Documents/Git/testsFolder/back_end/src/functionalities/apartments/middleware/apartments.middleware.ts","statementMap":{"0":{"start":{"line":3,"column":0},"end":{"line":3,"column":60}},"1":{"start":{"line":4,"column":0},"end":{"line":4,"column":59}},"2":{"start":{"line":5,"column":0},"end":{"line":5,"column":43}},"3":{"start":{"line":6,"column":0},"end":{"line":6,"column":55}},"4":{"start":{"line":7,"column":0},"end":{"line":7,"column":81}},"5":{"start":{"line":15,"column":42},"end":{"line":15,"column":70}},"6":{"start":{"line":17,"column":8},"end":{"line":22,"column":11}},"7":{"start":{"line":18,"column":12},"end":{"line":21,"column":23}},"8":{"start":{"line":19,"column":16},"end":{"line":19,"column":94}},"9":{"start":{"line":21,"column":16},"end":{"line":21,"column":23}},"10":{"start":{"line":30,"column":26},"end":{"line":30,"column":70}},"11":{"start":{"line":32,"column":8},"end":{"line":35,"column":82}},"12":{"start":{"line":33,"column":12},"end":{"line":33,"column":19}},"13":{"start":{"line":35,"column":12},"end":{"line":35,"column":82}},"14":{"start":{"line":43,"column":24},"end":{"line":43,"column":74}},"15":{"start":{"line":45,"column":8},"end":{"line":48,"column":87}},"16":{"start":{"line":46,"column":12},"end":{"line":46,"column":19}},"17":{"start":{"line":48,"column":12},"end":{"line":48,"column":87}},"18":{"start":{"line":56,"column":26},"end":{"line":56,"column":70}},"19":{"start":{"line":57,"column":24},"end":{"line":57,"column":43}},"20":{"start":{"line":58,"column":29},"end":{"line":58,"column":70}},"21":{"start":{"line":60,"column":8},"end":{"line":66,"column":9}},"22":{"start":{"line":61,"column":12},"end":{"line":65,"column":13}},"23":{"start":{"line":62,"column":16},"end":{"line":62,"column":23}},"24":{"start":{"line":64,"column":16},"end":{"line":64,"column":90}},"25":{"start":{"line":74,"column":8},"end":{"line":74,"column":45}},"26":{"start":{"line":75,"column":8},"end":{"line":75,"column":15}},"27":{"start":{"line":83,"column":8},"end":{"line":83,"column":50}},"28":{"start":{"line":84,"column":8},"end":{"line":84,"column":15}},"29":{"start":{"line":88,"column":0},"end":{"line":88,"column":42}}},"fnMap":{"0":{"name":"(anonymous_8)","decl":{"start":{"line":10,"column":10},"end":{"line":10,"column":31}},"loc":{"start":{"line":13,"column":34},"end":{"line":23,"column":null}}},"1":{"name":"(anonymous_10)","decl":{"start":{"line":17,"column":33},"end":{"line":17,"column":39}},"loc":{"start":{"line":17,"column":42},"end":{"line":22,"column":9}}},"2":{"name":"(anonymous_11)","decl":{"start":{"line":25,"column":10},"end":{"line":25,"column":29}},"loc":{"start":{"line":28,"column":34},"end":{"line":36,"column":null}}},"3":{"name":"(anonymous_13)","decl":{"start":{"line":38,"column":10},"end":{"line":38,"column":27}},"loc":{"start":{"line":41,"column":34},"end":{"line":49,"column":null}}},"4":{"name":"(anonymous_15)","decl":{"start":{"line":51,"column":10},"end":{"line":51,"column":25}},"loc":{"start":{"line":54,"column":34},"end":{"line":67,"column":null}}},"5":{"name":"(anonymous_17)","decl":{"start":{"line":69,"column":10},"end":{"line":69,"column":28}},"loc":{"start":{"line":72,"column":34},"end":{"line":76,"column":null}}},"6":{"name":"(anonymous_19)","decl":{"start":{"line":78,"column":10},"end":{"line":78,"column":26}},"loc":{"start":{"line":81,"column":34},"end":{"line":85,"column":null}}}},"branchMap":{"0":{"loc":{"start":{"line":18,"column":12},"end":{"line":21,"column":23}},"type":"if","locations":[{"start":{"line":18,"column":12},"end":{"line":21,"column":23}},{"start":{"line":21,"column":16},"end":{"line":21,"column":23}}]},"1":{"loc":{"start":{"line":32,"column":8},"end":{"line":35,"column":82}},"type":"if","locations":[{"start":{"line":32,"column":8},"end":{"line":35,"column":82}},{"start":{"line":35,"column":12},"end":{"line":35,"column":82}}]},"2":{"loc":{"start":{"line":45,"column":8},"end":{"line":48,"column":87}},"type":"if","locations":[{"start":{"line":45,"column":8},"end":{"line":48,"column":87}},{"start":{"line":48,"column":12},"end":{"line":48,"column":87}}]},"3":{"loc":{"start":{"line":60,"column":8},"end":{"line":66,"column":9}},"type":"if","locations":[{"start":{"line":60,"column":8},"end":{"line":66,"column":9}}]},"4":{"loc":{"start":{"line":60,"column":11},"end":{"line":60,"column":36}},"type":"binary-expr","locations":[{"start":{"line":60,"column":11},"end":{"line":60,"column":20}},{"start":{"line":60,"column":24},"end":{"line":60,"column":36}}]},"5":{"loc":{"start":{"line":61,"column":12},"end":{"line":65,"column":13}},"type":"if","locations":[{"start":{"line":61,"column":12},"end":{"line":65,"column":13}},{"start":{"line":63,"column":17},"end":{"line":65,"column":13}}]},"6":{"loc":{"start":{"line":61,"column":15},"end":{"line":61,"column":77}},"type":"binary-expr","locations":[{"start":{"line":61,"column":15},"end":{"line":61,"column":34}},{"start":{"line":61,"column":38},"end":{"line":61,"column":77}}]}},"s":{"0":3,"1":3,"2":3,"3":3,"4":3,"5":7,"6":7,"7":7,"8":2,"9":5,"10":30,"11":30,"12":22,"13":8,"14":2,"15":2,"16":1,"17":1,"18":5,"19":5,"20":5,"21":5,"22":5,"23":3,"24":2,"25":33,"26":33,"27":2,"28":2,"29":3},"f":{"0":7,"1":7,"2":30,"3":2,"4":5,"5":33,"6":2},"b":{"0":[2,5],"1":[22,8],"2":[1,1],"3":[5],"4":[5,5],"5":[3,2],"6":[5,5]}}
,"/home/riccardo/Documents/Git/testsFolder/back_end/src/functionalities/apartments/models/apartment.model.ts": {"path":"/home/riccardo/Documents/Git/testsFolder/back_end/src/functionalities/apartments/models/apartment.model.ts","statementMap":{"0":{"start":{"line":2,"column":0},"end":{"line":2,"column":45}},"1":{"start":{"line":14,"column":8},"end":{"line":14,"column":36}},"2":{"start":{"line":15,"column":8},"end":{"line":15,"column":50}},"3":{"start":{"line":16,"column":8},"end":{"line":16,"column":38}},"4":{"start":{"line":17,"column":8},"end":{"line":17,"column":38}},"5":{"start":{"line":18,"column":8},"end":{"line":18,"column":44}},"6":{"start":{"line":4,"column":0},"end":{"line":4,"column":13}},"7":{"start":{"line":6,"column":4},"end":{"line":6,"column":null}},"8":{"start":{"line":8,"column":4},"end":{"line":8,"column":null}}},"fnMap":{"0":{"name":"(anonymous_1)","decl":{"start":{"line":13,"column":4},"end":{"line":13,"column":16}},"loc":{"start":{"line":13,"column":54},"end":{"line":19,"column":5}}}},"branchMap":{"0":{"loc":{"start":{"line":14,"column":20},"end":{"line":14,"column":35}},"type":"binary-expr","locations":[{"start":{"line":14,"column":20},"end":{"line":14,"column":29}},{"start":{"line":14,"column":33},"end":{"line":14,"column":35}}]},"1":{"loc":{"start":{"line":15,"column":27},"end":{"line":15,"column":49}},"type":"binary-expr","locations":[{"start":{"line":15,"column":27},"end":{"line":15,"column":43}},{"start":{"line":15,"column":47},"end":{"line":15,"column":49}}]},"2":{"loc":{"start":{"line":16,"column":21},"end":{"line":16,"column":37}},"type":"binary-expr","locations":[{"start":{"line":16,"column":21},"end":{"line":16,"column":31}},{"start":{"line":16,"column":35},"end":{"line":16,"column":37}}]},"3":{"loc":{"start":{"line":17,"column":21},"end":{"line":17,"column":37}},"type":"binary-expr","locations":[{"start":{"line":17,"column":21},"end":{"line":17,"column":31}},{"start":{"line":17,"column":35},"end":{"line":17,"column":37}}]},"4":{"loc":{"start":{"line":18,"column":24},"end":{"line":18,"column":43}},"type":"binary-expr","locations":[{"start":{"line":18,"column":24},"end":{"line":18,"column":37}},{"start":{"line":18,"column":41},"end":{"line":18,"column":43}}]}},"s":{"0":3,"1":7,"2":7,"3":7,"4":7,"5":7,"6":3,"7":3,"8":3},"f":{"0":7},"b":{"0":[7,0],"1":[7,2],"2":[7,7],"3":[7,7],"4":[7,7]}}
,"/home/riccardo/Documents/Git/testsFolder/back_end/src/functionalities/apartments/services/apartment.service.ts": {"path":"/home/riccardo/Documents/Git/testsFolder/back_end/src/functionalities/apartments/services/apartment.service.ts","statementMap":{"0":{"start":{"line":3,"column":0},"end":{"line":3,"column":50}},"1":{"start":{"line":7,"column":8},"end":{"line":7,"column":57}},"2":{"start":{"line":11,"column":8},"end":{"line":11,"column":71}},"3":{"start":{"line":15,"column":8},"end":{"line":15,"column":50}},"4":{"start":{"line":19,"column":8},"end":{"line":19,"column":53}},"5":{"start":{"line":23,"column":8},"end":{"line":23,"column":63}},"6":{"start":{"line":27,"column":8},"end":{"line":27,"column":63}},"7":{"start":{"line":31,"column":8},"end":{"line":31,"column":44}},"8":{"start":{"line":35,"column":8},"end":{"line":35,"column":53}},"9":{"start":{"line":39,"column":8},"end":{"line":39,"column":54}},"10":{"start":{"line":43,"column":8},"end":{"line":43,"column":65}},"11":{"start":{"line":47,"column":8},"end":{"line":47,"column":64}},"12":{"start":{"line":51,"column":8},"end":{"line":51,"column":56}},"13":{"start":{"line":55,"column":8},"end":{"line":55,"column":58}},"14":{"start":{"line":59,"column":0},"end":{"line":59,"column":39}}},"fnMap":{"0":{"name":"(anonymous_8)","decl":{"start":{"line":6,"column":10},"end":{"line":6,"column":14}},"loc":{"start":{"line":6,"column":42},"end":{"line":8,"column":null}}},"1":{"name":"(anonymous_10)","decl":{"start":{"line":10,"column":10},"end":{"line":10,"column":28}},"loc":{"start":{"line":10,"column":74},"end":{"line":12,"column":null}}},"2":{"name":"(anonymous_12)","decl":{"start":{"line":14,"column":10},"end":{"line":14,"column":18}},"loc":{"start":{"line":14,"column":29},"end":{"line":16,"column":null}}},"3":{"name":"(anonymous_14)","decl":{"start":{"line":18,"column":10},"end":{"line":18,"column":16}},"loc":{"start":{"line":18,"column":30},"end":{"line":20,"column":null}}},"4":{"name":"(anonymous_16)","decl":{"start":{"line":22,"column":10},"end":{"line":22,"column":17}},"loc":{"start":{"line":22,"column":43},"end":{"line":24,"column":null}}},"5":{"name":"(anonymous_18)","decl":{"start":{"line":26,"column":10},"end":{"line":26,"column":19}},"loc":{"start":{"line":26,"column":45},"end":{"line":28,"column":null}}},"6":{"name":"(anonymous_20)","decl":{"start":{"line":30,"column":10},"end":{"line":30,"column":20}},"loc":{"start":{"line":30,"column":31},"end":{"line":32,"column":null}}},"7":{"name":"(anonymous_22)","decl":{"start":{"line":34,"column":10},"end":{"line":34,"column":20}},"loc":{"start":{"line":34,"column":31},"end":{"line":36,"column":null}}},"8":{"name":"(anonymous_24)","decl":{"start":{"line":38,"column":10},"end":{"line":38,"column":21}},"loc":{"start":{"line":38,"column":32},"end":{"line":40,"column":null}}},"9":{"name":"(anonymous_26)","decl":{"start":{"line":42,"column":10},"end":{"line":42,"column":20}},"loc":{"start":{"line":42,"column":46},"end":{"line":44,"column":null}}},"10":{"name":"(anonymous_28)","decl":{"start":{"line":46,"column":10},"end":{"line":46,"column":19}},"loc":{"start":{"line":46,"column":48},"end":{"line":48,"column":null}}},"11":{"name":"(anonymous_30)","decl":{"start":{"line":50,"column":10},"end":{"line":50,"column":22}},"loc":{"start":{"line":50,"column":51},"end":{"line":52,"column":null}}},"12":{"name":"(anonymous_32)","decl":{"start":{"line":54,"column":10},"end":{"line":54,"column":23}},"loc":{"start":{"line":54,"column":53},"end":{"line":56,"column":null}}}},"branchMap":{},"s":{"0":3,"1":0,"2":1,"3":41,"4":3,"5":1,"6":2,"7":3,"8":2,"9":2,"10":2,"11":1,"12":1,"13":1,"14":3},"f":{"0":0,"1":1,"2":41,"3":3,"4":1,"5":2,"6":3,"7":2,"8":2,"9":2,"10":1,"11":1,"12":1},"b":{}}
,"/home/riccardo/Documents/Git/testsFolder/back_end/src/functionalities/common/common.routes.config.ts": {"path":"/home/riccardo/Documents/Git/testsFolder/back_end/src/functionalities/common/common.routes.config.ts","statementMap":{"0":{"start":{"line":8,"column":8},"end":{"line":8,"column":23}},"1":{"start":{"line":9,"column":8},"end":{"line":9,"column":25}},"2":{"start":{"line":10,"column":8},"end":{"line":10,"column":31}},"3":{"start":{"line":14,"column":8},"end":{"line":14,"column":25}},"4":{"start":{"line":3,"column":0},"end":{"line":3,"column":22}}},"fnMap":{"0":{"name":"(anonymous_0)","decl":{"start":{"line":7,"column":4},"end":{"line":7,"column":16}},"loc":{"start":{"line":7,"column":54},"end":{"line":11,"column":5}}},"1":{"name":"(anonymous_1)","decl":{"start":{"line":13,"column":4},"end":{"line":13,"column":11}},"loc":{"start":{"line":13,"column":11},"end":{"line":15,"column":5}}}},"branchMap":{},"s":{"0":9,"1":9,"2":9,"3":0,"4":3},"f":{"0":9,"1":0},"b":{}}
,"/home/riccardo/Documents/Git/testsFolder/back_end/src/functionalities/common/services/mongoose.service.ts": {"path":"/home/riccardo/Documents/Git/testsFolder/back_end/src/functionalities/common/services/mongoose.service.ts","statementMap":{"0":{"start":{"line":1,"column":0},"end":{"line":1,"column":32}},"1":{"start":{"line":2,"column":0},"end":{"line":2,"column":27}},"2":{"start":{"line":5,"column":12},"end":{"line":5,"column":22}},"3":{"start":{"line":6,"column":12},"end":{"line":8,"column":6}},"4":{"start":{"line":18,"column":4},"end":{"line":34,"column":6}},"5":{"start":{"line":19,"column":8},"end":{"line":19,"column":76}},"6":{"start":{"line":20,"column":8},"end":{"line":33,"column":15}},"7":{"start":{"line":23,"column":16},"end":{"line":23,"column":52}},"8":{"start":{"line":26,"column":37},"end":{"line":26,"column":38}},"9":{"start":{"line":27,"column":16},"end":{"line":31,"column":18}},"10":{"start":{"line":32,"column":16},"end":{"line":32,"column":71}},"11":{"start":{"line":11,"column":8},"end":{"line":11,"column":32}},"12":{"start":{"line":15,"column":8},"end":{"line":15,"column":24}},"13":{"start":{"line":36,"column":0},"end":{"line":36,"column":37}}},"fnMap":{"0":{"name":"(anonymous_1)","decl":{"start":{"line":10,"column":4},"end":{"line":10,"column":null}},"loc":{"start":{"line":10,"column":4},"end":{"line":12,"column":5}}},"1":{"name":"(anonymous_2)","decl":{"start":{"line":18,"column":23},"end":{"line":18,"column":26}},"loc":{"start":{"line":18,"column":28},"end":{"line":34,"column":5}}},"2":{"name":"(anonymous_3)","decl":{"start":{"line":22,"column":18},"end":{"line":22,"column":21}},"loc":{"start":{"line":22,"column":23},"end":{"line":24,"column":13}}},"3":{"name":"(anonymous_4)","decl":{"start":{"line":25,"column":19},"end":{"line":25,"column":20}},"loc":{"start":{"line":25,"column":27},"end":{"line":33,"column":13}}},"4":{"name":"(anonymous_5)","decl":{"start":{"line":14,"column":4},"end":{"line":14,"column":15}},"loc":{"start":{"line":14,"column":15},"end":{"line":16,"column":5}}}},"branchMap":{"0":{"loc":{"start":{"line":21,"column":21},"end":{"line":21,"column":48}},"type":"binary-expr","locations":[{"start":{"line":21,"column":21},"end":{"line":21,"column":42}},{"start":{"line":21,"column":46},"end":{"line":21,"column":48}}]}},"s":{"0":3,"1":3,"2":3,"3":3,"4":3,"5":3,"6":3,"7":3,"8":0,"9":0,"10":0,"11":3,"12":24,"13":3},"f":{"0":3,"1":3,"2":3,"3":0,"4":24},"b":{"0":[3,0]}}
,"/home/riccardo/Documents/Git/testsFolder/back_end/src/functionalities/expenses/exenses.routers.config.ts": {"path":"/home/riccardo/Documents/Git/testsFolder/back_end/src/functionalities/expenses/exenses.routers.config.ts","statementMap":{"0":{"start":{"line":3,"column":0},"end":{"line":3,"column":67}},"1":{"start":{"line":4,"column":0},"end":{"line":4,"column":66}},"2":{"start":{"line":5,"column":0},"end":{"line":5,"column":67}},"3":{"start":{"line":6,"column":0},"end":{"line":6,"column":67}},"4":{"start":{"line":10,"column":8},"end":{"line":10,"column":38}},"5":{"start":{"line":14,"column":8},"end":{"line":16,"column":null}},"6":{"start":{"line":18,"column":8},"end":{"line":18,"column":73}},"7":{"start":{"line":19,"column":8},"end":{"line":23,"column":55}},"8":{"start":{"line":25,"column":8},"end":{"line":32,"column":10}},"9":{"start":{"line":34,"column":8},"end":{"line":37,"column":61}},"10":{"start":{"line":39,"column":8},"end":{"line":39,"column":24}},"11":{"start":{"line":8,"column":0},"end":{"line":8,"column":13}}},"fnMap":{"0":{"name":"(anonymous_1)","decl":{"start":{"line":9,"column":4},"end":{"line":9,"column":16}},"loc":{"start":{"line":9,"column":40},"end":{"line":11,"column":5}}},"1":{"name":"(anonymous_2)","decl":{"start":{"line":13,"column":4},"end":{"line":13,"column":19}},"loc":{"start":{"line":13,"column":19},"end":{"line":40,"column":5}}}},"branchMap":{},"s":{"0":3,"1":3,"2":3,"3":3,"4":3,"5":3,"6":3,"7":3,"8":3,"9":3,"10":3,"11":3},"f":{"0":3,"1":3},"b":{}}
,"/home/riccardo/Documents/Git/testsFolder/back_end/src/functionalities/expenses/controllers/expenses.controller.ts": {"path":"/home/riccardo/Documents/Git/testsFolder/back_end/src/functionalities/expenses/controllers/expenses.controller.ts","statementMap":{"0":{"start":{"line":3,"column":0},"end":{"line":3,"column":59}},"1":{"start":{"line":7,"column":25},"end":{"line":7,"column":59}},"2":{"start":{"line":8,"column":8},"end":{"line":8,"column":39}},"3":{"start":{"line":12,"column":24},"end":{"line":12,"column":67}},"4":{"start":{"line":13,"column":8},"end":{"line":13,"column":38}},"5":{"start":{"line":17,"column":26},"end":{"line":17,"column":64}},"6":{"start":{"line":18,"column":8},"end":{"line":18,"column":48}},"7":{"start":{"line":22,"column":8},"end":{"line":22,"column":61}},"8":{"start":{"line":23,"column":8},"end":{"line":23,"column":31}},"9":{"start":{"line":27,"column":8},"end":{"line":27,"column":63}},"10":{"start":{"line":28,"column":8},"end":{"line":28,"column":31}},"11":{"start":{"line":32,"column":8},"end":{"line":32,"column":54}},"12":{"start":{"line":33,"column":8},"end":{"line":33,"column":31}},"13":{"start":{"line":37,"column":0},"end":{"line":37,"column":40}}},"fnMap":{"0":{"name":"(anonymous_8)","decl":{"start":{"line":6,"column":10},"end":{"line":6,"column":22}},"loc":{"start":{"line":6,"column":66},"end":{"line":9,"column":null}}},"1":{"name":"(anonymous_10)","decl":{"start":{"line":11,"column":10},"end":{"line":11,"column":17}},"loc":{"start":{"line":11,"column":61},"end":{"line":14,"column":null}}},"2":{"name":"(anonymous_12)","decl":{"start":{"line":16,"column":10},"end":{"line":16,"column":21}},"loc":{"start":{"line":16,"column":65},"end":{"line":19,"column":null}}},"3":{"name":"(anonymous_14)","decl":{"start":{"line":21,"column":10},"end":{"line":21,"column":24}},"loc":{"start":{"line":21,"column":68},"end":{"line":24,"column":null}}},"4":{"name":"(anonymous_16)","decl":{"start":{"line":26,"column":10},"end":{"line":26,"column":26}},"loc":{"start":{"line":26,"column":70},"end":{"line":29,"column":null}}},"5":{"name":"(anonymous_18)","decl":{"start":{"line":31,"column":10},"end":{"line":31,"column":20}},"loc":{"start":{"line":31,"column":64},"end":{"line":34,"column":null}}}},"branchMap":{},"s":{"0":3,"1":1,"2":1,"3":3,"4":3,"5":0,"6":0,"7":1,"8":1,"9":1,"10":1,"11":1,"12":1,"13":3},"f":{"0":1,"1":3,"2":0,"3":1,"4":1,"5":1},"b":{}}
,"/home/riccardo/Documents/Git/testsFolder/back_end/src/functionalities/expenses/dao/expenses.dao.ts": {"path":"/home/riccardo/Documents/Git/testsFolder/back_end/src/functionalities/expenses/dao/expenses.dao.ts","statementMap":{"0":{"start":{"line":1,"column":0},"end":{"line":1,"column":69}},"1":{"start":{"line":2,"column":0},"end":{"line":2,"column":30}},"2":{"start":{"line":8,"column":4},"end":{"line":8,"column":50}},"3":{"start":{"line":10,"column":4},"end":{"line":18,"column":7}},"4":{"start":{"line":20,"column":4},"end":{"line":20,"column":82}},"5":{"start":{"line":23,"column":8},"end":{"line":23,"column":28}},"6":{"start":{"line":28,"column":8},"end":{"line":31,"column":20}},"7":{"start":{"line":35,"column":8},"end":{"line":35,"column":69}},"8":{"start":{"line":40,"column":26},"end":{"line":40,"column":44}},"9":{"start":{"line":41,"column":28},"end":{"line":43,"column":null}},"10":{"start":{"line":46,"column":8},"end":{"line":46,"column":33}},"11":{"start":{"line":47,"column":8},"end":{"line":47,"column":25}},"12":{"start":{"line":52,"column":8},"end":{"line":56,"column":17}},"13":{"start":{"line":61,"column":8},"end":{"line":61,"column":70}},"14":{"start":{"line":65,"column":0},"end":{"line":65,"column":33}}},"fnMap":{"0":{"name":"(anonymous_8)","decl":{"start":{"line":7,"column":0},"end":{"line":7,"column":6}},"loc":{"start":{"line":7,"column":0},"end":{"line":63,"column":1}}},"1":{"name":"(anonymous_9)","decl":{"start":{"line":22,"column":4},"end":{"line":22,"column":13}},"loc":{"start":{"line":22,"column":13},"end":{"line":24,"column":5}}},"2":{"name":"(anonymous_10)","decl":{"start":{"line":27,"column":10},"end":{"line":27,"column":21}},"loc":{"start":{"line":27,"column":42},"end":{"line":32,"column":null}}},"3":{"name":"(anonymous_12)","decl":{"start":{"line":34,"column":10},"end":{"line":34,"column":24}},"loc":{"start":{"line":34,"column":42},"end":{"line":36,"column":null}}},"4":{"name":"(anonymous_14)","decl":{"start":{"line":39,"column":10},"end":{"line":39,"column":20}},"loc":{"start":{"line":39,"column":44},"end":{"line":48,"column":null}}},"5":{"name":"(anonymous_16)","decl":{"start":{"line":51,"column":10},"end":{"line":51,"column":27}},"loc":{"start":{"line":51,"column":90},"end":{"line":57,"column":null}}},"6":{"name":"(anonymous_18)","decl":{"start":{"line":60,"column":10},"end":{"line":60,"column":27}},"loc":{"start":{"line":60,"column":45},"end":{"line":62,"column":null}}}},"branchMap":{"0":{"loc":{"start":{"line":27,"column":22},"end":{"line":27,"column":32}},"type":"default-arg","locations":[{"start":{"line":27,"column":30},"end":{"line":27,"column":32}}]},"1":{"loc":{"start":{"line":27,"column":34},"end":{"line":27,"column":42}},"type":"default-arg","locations":[{"start":{"line":27,"column":41},"end":{"line":27,"column":42}}]}},"s":{"0":3,"1":3,"2":3,"3":3,"4":3,"5":2,"6":1,"7":18,"8":2,"9":2,"10":2,"11":2,"12":2,"13":2,"14":3},"f":{"0":3,"1":2,"2":1,"3":18,"4":2,"5":2,"6":2},"b":{"0":[0],"1":[0]}}
,"/home/riccardo/Documents/Git/testsFolder/back_end/src/functionalities/expenses/middleware/expenses.middleware.ts": {"path":"/home/riccardo/Documents/Git/testsFolder/back_end/src/functionalities/expenses/middleware/expenses.middleware.ts","statementMap":{"0":{"start":{"line":2,"column":0},"end":{"line":2,"column":43}},"1":{"start":{"line":3,"column":0},"end":{"line":3,"column":55}},"2":{"start":{"line":4,"column":0},"end":{"line":4,"column":75}},"3":{"start":{"line":5,"column":0},"end":{"line":5,"column":59}},"4":{"start":{"line":13,"column":42},"end":{"line":13,"column":68}},"5":{"start":{"line":15,"column":8},"end":{"line":20,"column":11}},"6":{"start":{"line":16,"column":12},"end":{"line":19,"column":23}},"7":{"start":{"line":17,"column":16},"end":{"line":17,"column":88}},"8":{"start":{"line":19,"column":16},"end":{"line":19,"column":23}},"9":{"start":{"line":28,"column":27},"end":{"line":28,"column":44}},"10":{"start":{"line":29,"column":28},"end":{"line":29,"column":45}},"11":{"start":{"line":31,"column":26},"end":{"line":31,"column":70}},"12":{"start":{"line":33,"column":8},"end":{"line":63,"column":9}},"13":{"start":{"line":34,"column":28},"end":{"line":34,"column":43}},"14":{"start":{"line":36,"column":24},"end":{"line":36,"column":29}},"15":{"start":{"line":38,"column":12},"end":{"line":41,"column":15}},"16":{"start":{"line":39,"column":16},"end":{"line":40,"column":33}},"17":{"start":{"line":40,"column":20},"end":{"line":40,"column":33}},"18":{"start":{"line":43,"column":12},"end":{"line":57,"column":13}},"19":{"start":{"line":44,"column":16},"end":{"line":56,"column":17}},"20":{"start":{"line":44,"column":28},"end":{"line":44,"column":29}},"21":{"start":{"line":45,"column":20},"end":{"line":45,"column":34}},"22":{"start":{"line":47,"column":20},"end":{"line":52,"column":21}},"23":{"start":{"line":47,"column":32},"end":{"line":47,"column":33}},"24":{"start":{"line":48,"column":24},"end":{"line":51,"column":25}},"25":{"start":{"line":49,"column":28},"end":{"line":49,"column":41}},"26":{"start":{"line":50,"column":28},"end":{"line":50,"column":34}},"27":{"start":{"line":54,"column":20},"end":{"line":55,"column":30}},"28":{"start":{"line":55,"column":24},"end":{"line":55,"column":30}},"29":{"start":{"line":59,"column":12},"end":{"line":62,"column":116}},"30":{"start":{"line":60,"column":16},"end":{"line":60,"column":null}},"31":{"start":{"line":62,"column":16},"end":{"line":62,"column":116}},"32":{"start":{"line":71,"column":8},"end":{"line":71,"column":43}},"33":{"start":{"line":72,"column":8},"end":{"line":72,"column":15}},"34":{"start":{"line":80,"column":24},"end":{"line":80,"column":67}},"35":{"start":{"line":82,"column":8},"end":{"line":85,"column":80}},"36":{"start":{"line":83,"column":12},"end":{"line":83,"column":19}},"37":{"start":{"line":85,"column":12},"end":{"line":85,"column":80}},"38":{"start":{"line":89,"column":0},"end":{"line":89,"column":40}}},"fnMap":{"0":{"name":"(anonymous_8)","decl":{"start":{"line":8,"column":10},"end":{"line":8,"column":36}},"loc":{"start":{"line":11,"column":34},"end":{"line":21,"column":null}}},"1":{"name":"(anonymous_10)","decl":{"start":{"line":15,"column":35},"end":{"line":15,"column":41}},"loc":{"start":{"line":15,"column":44},"end":{"line":20,"column":9}}},"2":{"name":"(anonymous_11)","decl":{"start":{"line":23,"column":10},"end":{"line":23,"column":37}},"loc":{"start":{"line":26,"column":34},"end":{"line":64,"column":null}}},"3":{"name":"(anonymous_13)","decl":{"start":{"line":38,"column":28},"end":{"line":38,"column":32}},"loc":{"start":{"line":38,"column":35},"end":{"line":41,"column":13}}},"4":{"name":"(anonymous_14)","decl":{"start":{"line":66,"column":10},"end":{"line":66,"column":26}},"loc":{"start":{"line":69,"column":34},"end":{"line":73,"column":null}}},"5":{"name":"(anonymous_16)","decl":{"start":{"line":75,"column":10},"end":{"line":75,"column":27}},"loc":{"start":{"line":78,"column":34},"end":{"line":86,"column":null}}}},"branchMap":{"0":{"loc":{"start":{"line":16,"column":12},"end":{"line":19,"column":23}},"type":"if","locations":[{"start":{"line":16,"column":12},"end":{"line":19,"column":23}},{"start":{"line":19,"column":16},"end":{"line":19,"column":23}}]},"1":{"loc":{"start":{"line":33,"column":8},"end":{"line":63,"column":9}},"type":"if","locations":[{"start":{"line":33,"column":8},"end":{"line":63,"column":9}}]},"2":{"loc":{"start":{"line":39,"column":16},"end":{"line":40,"column":33}},"type":"if","locations":[{"start":{"line":39,"column":16},"end":{"line":40,"column":33}}]},"3":{"loc":{"start":{"line":43,"column":12},"end":{"line":57,"column":13}},"type":"if","locations":[{"start":{"line":43,"column":12},"end":{"line":57,"column":13}}]},"4":{"loc":{"start":{"line":48,"column":24},"end":{"line":51,"column":25}},"type":"if","locations":[{"start":{"line":48,"column":24},"end":{"line":51,"column":25}}]},"5":{"loc":{"start":{"line":54,"column":20},"end":{"line":55,"column":30}},"type":"if","locations":[{"start":{"line":54,"column":20},"end":{"line":55,"column":30}}]},"6":{"loc":{"start":{"line":59,"column":12},"end":{"line":62,"column":116}},"type":"if","locations":[{"start":{"line":59,"column":12},"end":{"line":62,"column":116}},{"start":{"line":62,"column":16},"end":{"line":62,"column":116}}]},"7":{"loc":{"start":{"line":82,"column":8},"end":{"line":85,"column":80}},"type":"if","locations":[{"start":{"line":82,"column":8},"end":{"line":85,"column":80}},{"start":{"line":85,"column":12},"end":{"line":85,"column":80}}]}},"s":{"0":3,"1":3,"2":3,"3":3,"4":6,"5":6,"6":6,"7":2,"8":4,"9":3,"10":3,"11":3,"12":3,"13":3,"14":3,"15":3,"16":9,"17":3,"18":3,"19":3,"20":3,"21":6,"22":6,"23":6,"24":14,"25":5,"26":5,"27":6,"28":1,"29":3,"30":2,"31":1,"32":13,"33":13,"34":13,"35":13,"36":9,"37":4,"38":3},"f":{"0":6,"1":6,"2":3,"3":9,"4":13,"5":13},"b":{"0":[2,4],"1":[3],"2":[3],"3":[3],"4":[5],"5":[1],"6":[2,1],"7":[9,4]}}
,"/home/riccardo/Documents/Git/testsFolder/back_end/src/functionalities/expenses/model/expenses.model.ts": {"path":"/home/riccardo/Documents/Git/testsFolder/back_end/src/functionalities/expenses/model/expenses.model.ts","statementMap":{"0":{"start":{"line":1,"column":0},"end":{"line":1,"column":65}},"1":{"start":{"line":21,"column":8},"end":{"line":21,"column":36}},"2":{"start":{"line":22,"column":8},"end":{"line":22,"column":50}},"3":{"start":{"line":23,"column":8},"end":{"line":23,"column":39}},"4":{"start":{"line":24,"column":8},"end":{"line":24,"column":31}},"5":{"start":{"line":25,"column":8},"end":{"line":25,"column":44}},"6":{"start":{"line":26,"column":8},"end":{"line":26,"column":44}},"7":{"start":{"line":4,"column":0},"end":{"line":4,"column":13}},"8":{"start":{"line":6,"column":4},"end":{"line":6,"column":null}},"9":{"start":{"line":8,"column":4},"end":{"line":8,"column":null}},"10":{"start":{"line":11,"column":4},"end":{"line":11,"column":null}},"11":{"start":{"line":13,"column":4},"end":{"line":13,"column":null}},"12":{"start":{"line":15,"column":4},"end":{"line":15,"column":null}},"13":{"start":{"line":18,"column":4},"end":{"line":18,"column":null}}},"fnMap":{"0":{"name":"(anonymous_1)","decl":{"start":{"line":20,"column":4},"end":{"line":20,"column":16}},"loc":{"start":{"line":20,"column":39},"end":{"line":27,"column":5}}}},"branchMap":{"0":{"loc":{"start":{"line":21,"column":20},"end":{"line":21,"column":35}},"type":"binary-expr","locations":[{"start":{"line":21,"column":20},"end":{"line":21,"column":29}},{"start":{"line":21,"column":33},"end":{"line":21,"column":35}}]},"1":{"loc":{"start":{"line":22,"column":27},"end":{"line":22,"column":49}},"type":"binary-expr","locations":[{"start":{"line":22,"column":27},"end":{"line":22,"column":43}},{"start":{"line":22,"column":47},"end":{"line":22,"column":49}}]},"2":{"loc":{"start":{"line":23,"column":22},"end":{"line":23,"column":38}},"type":"binary-expr","locations":[{"start":{"line":23,"column":22},"end":{"line":23,"column":33}},{"start":{"line":23,"column":37},"end":{"line":23,"column":38}}]},"3":{"loc":{"start":{"line":25,"column":24},"end":{"line":25,"column":43}},"type":"binary-expr","locations":[{"start":{"line":25,"column":24},"end":{"line":25,"column":37}},{"start":{"line":25,"column":41},"end":{"line":25,"column":43}}]},"4":{"loc":{"start":{"line":26,"column":24},"end":{"line":26,"column":43}},"type":"binary-expr","locations":[{"start":{"line":26,"column":24},"end":{"line":26,"column":37}},{"start":{"line":26,"column":41},"end":{"line":26,"column":43}}]}},"s":{"0":3,"1":6,"2":6,"3":6,"4":6,"5":6,"6":6,"7":3,"8":3,"9":3,"10":3,"11":3,"12":3,"13":3},"f":{"0":6},"b":{"0":[6,0],"1":[6,0],"2":[6,1],"3":[6,0],"4":[6,1]}}
,"/home/riccardo/Documents/Git/testsFolder/back_end/src/functionalities/expenses/services/expenses.service.ts": {"path":"/home/riccardo/Documents/Git/testsFolder/back_end/src/functionalities/expenses/services/expenses.service.ts","statementMap":{"0":{"start":{"line":2,"column":0},"end":{"line":2,"column":46}},"1":{"start":{"line":6,"column":8},"end":{"line":6,"column":52}},"2":{"start":{"line":10,"column":8},"end":{"line":10,"column":46}},"3":{"start":{"line":14,"column":8},"end":{"line":14,"column":48}},"4":{"start":{"line":18,"column":8},"end":{"line":18,"column":59}},"5":{"start":{"line":22,"column":8},"end":{"line":22,"column":59}},"6":{"start":{"line":26,"column":8},"end":{"line":26,"column":49}},"7":{"start":{"line":30,"column":0},"end":{"line":30,"column":37}}},"fnMap":{"0":{"name":"(anonymous_8)","decl":{"start":{"line":5,"column":10},"end":{"line":5,"column":14}},"loc":{"start":{"line":5,"column":42},"end":{"line":7,"column":null}}},"1":{"name":"(anonymous_10)","decl":{"start":{"line":9,"column":10},"end":{"line":9,"column":18}},"loc":{"start":{"line":9,"column":29},"end":{"line":11,"column":null}}},"2":{"name":"(anonymous_12)","decl":{"start":{"line":13,"column":10},"end":{"line":13,"column":16}},"loc":{"start":{"line":13,"column":30},"end":{"line":15,"column":null}}},"3":{"name":"(anonymous_14)","decl":{"start":{"line":17,"column":10},"end":{"line":17,"column":17}},"loc":{"start":{"line":17,"column":43},"end":{"line":19,"column":null}}},"4":{"name":"(anonymous_16)","decl":{"start":{"line":21,"column":10},"end":{"line":21,"column":19}},"loc":{"start":{"line":21,"column":45},"end":{"line":23,"column":null}}},"5":{"name":"(anonymous_18)","decl":{"start":{"line":25,"column":10},"end":{"line":25,"column":20}},"loc":{"start":{"line":25,"column":31},"end":{"line":27,"column":null}}}},"branchMap":{},"s":{"0":3,"1":1,"2":18,"3":2,"4":1,"5":1,"6":2,"7":3},"f":{"0":1,"1":18,"2":2,"3":1,"4":1,"5":2},"b":{}}
,"/home/riccardo/Documents/Git/testsFolder/back_end/src/functionalities/users/users.router.config.ts": {"path":"/home/riccardo/Documents/Git/testsFolder/back_end/src/functionalities/users/users.router.config.ts","statementMap":{"0":{"start":{"line":2,"column":0},"end":{"line":2,"column":67}},"1":{"start":{"line":3,"column":0},"end":{"line":3,"column":61}},"2":{"start":{"line":4,"column":0},"end":{"line":4,"column":60}},"3":{"start":{"line":8,"column":8},"end":{"line":8,"column":34}},"4":{"start":{"line":12,"column":8},"end":{"line":16,"column":14}},"5":{"start":{"line":18,"column":8},"end":{"line":22,"column":14}},"6":{"start":{"line":24,"column":8},"end":{"line":28,"column":42}},"7":{"start":{"line":30,"column":8},"end":{"line":33,"column":43}},"8":{"start":{"line":35,"column":8},"end":{"line":35,"column":64}},"9":{"start":{"line":36,"column":8},"end":{"line":40,"column":52}},"10":{"start":{"line":42,"column":8},"end":{"line":47,"column":15}},"11":{"start":{"line":49,"column":8},"end":{"line":52,"column":15}},"12":{"start":{"line":54,"column":8},"end":{"line":54,"column":24}},"13":{"start":{"line":6,"column":0},"end":{"line":6,"column":13}}},"fnMap":{"0":{"name":"(anonymous_1)","decl":{"start":{"line":7,"column":4},"end":{"line":7,"column":16}},"loc":{"start":{"line":7,"column":40},"end":{"line":9,"column":5}}},"1":{"name":"(anonymous_2)","decl":{"start":{"line":11,"column":4},"end":{"line":11,"column":19}},"loc":{"start":{"line":11,"column":19},"end":{"line":55,"column":5}}}},"branchMap":{},"s":{"0":3,"1":3,"2":3,"3":3,"4":3,"5":3,"6":3,"7":3,"8":3,"9":3,"10":3,"11":3,"12":3,"13":3},"f":{"0":3,"1":3},"b":{}}
,"/home/riccardo/Documents/Git/testsFolder/back_end/src/functionalities/users/controllers/users.controller.ts": {"path":"/home/riccardo/Documents/Git/testsFolder/back_end/src/functionalities/users/controllers/users.controller.ts","statementMap":{"0":{"start":{"line":2,"column":0},"end":{"line":2,"column":52}},"1":{"start":{"line":3,"column":0},"end":{"line":3,"column":39}},"2":{"start":{"line":4,"column":0},"end":{"line":4,"column":46}},"3":{"start":{"line":8,"column":25},"end":{"line":8,"column":83}},"4":{"start":{"line":10,"column":8},"end":{"line":16,"column":9}},"5":{"start":{"line":11,"column":12},"end":{"line":11,"column":82}},"6":{"start":{"line":13,"column":12},"end":{"line":13,"column":102}},"7":{"start":{"line":14,"column":12},"end":{"line":14,"column":70}},"8":{"start":{"line":15,"column":12},"end":{"line":15,"column":35}},"9":{"start":{"line":20,"column":8},"end":{"line":20,"column":63}},"10":{"start":{"line":21,"column":8},"end":{"line":21,"column":31}},"11":{"start":{"line":25,"column":22},"end":{"line":25,"column":53}},"12":{"start":{"line":26,"column":8},"end":{"line":26,"column":36}},"13":{"start":{"line":30,"column":21},"end":{"line":30,"column":61}},"14":{"start":{"line":31,"column":8},"end":{"line":31,"column":35}},"15":{"start":{"line":35,"column":23},"end":{"line":35,"column":58}},"16":{"start":{"line":36,"column":8},"end":{"line":36,"column":44}},"17":{"start":{"line":40,"column":8},"end":{"line":40,"column":58}},"18":{"start":{"line":41,"column":8},"end":{"line":41,"column":31}},"19":{"start":{"line":45,"column":8},"end":{"line":45,"column":60}},"20":{"start":{"line":46,"column":8},"end":{"line":46,"column":31}},"21":{"start":{"line":50,"column":8},"end":{"line":50,"column":51}},"22":{"start":{"line":51,"column":8},"end":{"line":51,"column":31}},"23":{"start":{"line":55,"column":0},"end":{"line":55,"column":37}}},"fnMap":{"0":{"name":"(anonymous_8)","decl":{"start":{"line":7,"column":10},"end":{"line":7,"column":15}},"loc":{"start":{"line":7,"column":59},"end":{"line":17,"column":null}}},"1":{"name":"(anonymous_10)","decl":{"start":{"line":19,"column":10},"end":{"line":19,"column":16}},"loc":{"start":{"line":19,"column":60},"end":{"line":22,"column":null}}},"2":{"name":"(anonymous_12)","decl":{"start":{"line":24,"column":10},"end":{"line":24,"column":19}},"loc":{"start":{"line":24,"column":63},"end":{"line":27,"column":null}}},"3":{"name":"(anonymous_14)","decl":{"start":{"line":29,"column":10},"end":{"line":29,"column":21}},"loc":{"start":{"line":29,"column":65},"end":{"line":32,"column":null}}},"4":{"name":"(anonymous_16)","decl":{"start":{"line":34,"column":10},"end":{"line":34,"column":18}},"loc":{"start":{"line":34,"column":62},"end":{"line":37,"column":null}}},"5":{"name":"(anonymous_18)","decl":{"start":{"line":39,"column":10},"end":{"line":39,"column":21}},"loc":{"start":{"line":39,"column":65},"end":{"line":42,"column":null}}},"6":{"name":"(anonymous_20)","decl":{"start":{"line":44,"column":10},"end":{"line":44,"column":23}},"loc":{"start":{"line":44,"column":67},"end":{"line":47,"column":null}}},"7":{"name":"(anonymous_22)","decl":{"start":{"line":49,"column":10},"end":{"line":49,"column":24}},"loc":{"start":{"line":49,"column":68},"end":{"line":52,"column":null}}}},"branchMap":{"0":{"loc":{"start":{"line":10,"column":8},"end":{"line":16,"column":9}},"type":"if","locations":[{"start":{"line":10,"column":8},"end":{"line":16,"column":9}},{"start":{"line":12,"column":13},"end":{"line":16,"column":9}}]}},"s":{"0":3,"1":3,"2":3,"3":6,"4":6,"5":1,"6":5,"7":5,"8":5,"9":1,"10":1,"11":1,"12":1,"13":3,"14":3,"15":6,"16":6,"17":1,"18":1,"19":1,"20":1,"21":6,"22":6,"23":3},"f":{"0":6,"1":1,"2":1,"3":3,"4":6,"5":1,"6":1,"7":6},"b":{"0":[1,5]}}
,"/home/riccardo/Documents/Git/testsFolder/back_end/src/functionalities/users/dao/sessions.dao.ts": {"path":"/home/riccardo/Documents/Git/testsFolder/back_end/src/functionalities/users/dao/sessions.dao.ts","statementMap":{"0":{"start":{"line":1,"column":0},"end":{"line":1,"column":30}},"1":{"start":{"line":3,"column":0},"end":{"line":3,"column":69}},"2":{"start":{"line":6,"column":4},"end":{"line":6,"column":50}},"3":{"start":{"line":8,"column":4},"end":{"line":13,"column":20}},"4":{"start":{"line":15,"column":4},"end":{"line":15,"column":82}},"5":{"start":{"line":18,"column":8},"end":{"line":18,"column":42}},"6":{"start":{"line":19,"column":8},"end":{"line":19,"column":73}},"7":{"start":{"line":23,"column":8},"end":{"line":23,"column":42}},"8":{"start":{"line":24,"column":8},"end":{"line":24,"column":45}},"9":{"start":{"line":26,"column":19},"end":{"line":26,"column":37}},"10":{"start":{"line":27,"column":26},"end":{"line":27,"column":44}},"11":{"start":{"line":28,"column":27},"end":{"line":28,"column":66}},"12":{"start":{"line":30,"column":27},"end":{"line":35,"column":10}},"13":{"start":{"line":37,"column":8},"end":{"line":37,"column":32}},"14":{"start":{"line":38,"column":8},"end":{"line":38,"column":25}},"15":{"start":{"line":42,"column":8},"end":{"line":42,"column":63}},"16":{"start":{"line":46,"column":8},"end":{"line":46,"column":81}},"17":{"start":{"line":50,"column":0},"end":{"line":50,"column":32}}},"fnMap":{"0":{"name":"(anonymous_8)","decl":{"start":{"line":5,"column":0},"end":{"line":5,"column":6}},"loc":{"start":{"line":5,"column":0},"end":{"line":48,"column":1}}},"1":{"name":"(anonymous_9)","decl":{"start":{"line":17,"column":10},"end":{"line":17,"column":24}},"loc":{"start":{"line":17,"column":42},"end":{"line":20,"column":null}}},"2":{"name":"(anonymous_11)","decl":{"start":{"line":22,"column":10},"end":{"line":22,"column":23}},"loc":{"start":{"line":22,"column":38},"end":{"line":39,"column":null}}},"3":{"name":"(anonymous_13)","decl":{"start":{"line":41,"column":10},"end":{"line":41,"column":27}},"loc":{"start":{"line":41,"column":43},"end":{"line":43,"column":null}}},"4":{"name":"(anonymous_15)","decl":{"start":{"line":45,"column":10},"end":{"line":45,"column":30}},"loc":{"start":{"line":45,"column":30},"end":{"line":47,"column":null}}}},"branchMap":{},"s":{"0":3,"1":3,"2":3,"3":3,"4":3,"5":83,"6":83,"7":5,"8":5,"9":5,"10":5,"11":5,"12":5,"13":5,"14":5,"15":6,"16":88,"17":3},"f":{"0":3,"1":83,"2":5,"3":6,"4":88},"b":{}}
,"/home/riccardo/Documents/Git/testsFolder/back_end/src/functionalities/users/dao/users.dao.ts": {"path":"/home/riccardo/Documents/Git/testsFolder/back_end/src/functionalities/users/dao/users.dao.ts","statementMap":{"0":{"start":{"line":1,"column":0},"end":{"line":1,"column":30}},"1":{"start":{"line":2,"column":0},"end":{"line":2,"column":33}},"2":{"start":{"line":4,"column":0},"end":{"line":4,"column":69}},"3":{"start":{"line":6,"column":0},"end":{"line":6,"column":41}},"4":{"start":{"line":9,"column":4},"end":{"line":9,"column":50}},"5":{"start":{"line":12,"column":4},"end":{"line":22,"column":20}},"6":{"start":{"line":24,"column":4},"end":{"line":24,"column":73}},"7":{"start":{"line":27,"column":8},"end":{"line":27,"column":25}},"8":{"start":{"line":31,"column":21},"end":{"line":31,"column":48}},"9":{"start":{"line":32,"column":8},"end":{"line":32,"column":30}},"10":{"start":{"line":33,"column":8},"end":{"line":33,"column":26}},"11":{"start":{"line":35,"column":8},"end":{"line":35,"column":34}},"12":{"start":{"line":40,"column":8},"end":{"line":44,"column":16}},"13":{"start":{"line":49,"column":8},"end":{"line":49,"column":87}},"14":{"start":{"line":53,"column":8},"end":{"line":53,"column":94}},"15":{"start":{"line":58,"column":23},"end":{"line":58,"column":41}},"16":{"start":{"line":59,"column":25},"end":{"line":59,"column":43}},"17":{"start":{"line":61,"column":8},"end":{"line":61,"column":79}},"18":{"start":{"line":63,"column":21},"end":{"line":66,"column":null}},"19":{"start":{"line":68,"column":8},"end":{"line":68,"column":26}},"20":{"start":{"line":69,"column":8},"end":{"line":69,"column":22}},"21":{"start":{"line":73,"column":21},"end":{"line":73,"column":74}},"22":{"start":{"line":75,"column":8},"end":{"line":87,"column":9}},"23":{"start":{"line":76,"column":25},"end":{"line":76,"column":34}},"24":{"start":{"line":77,"column":29},"end":{"line":77,"column":42}},"25":{"start":{"line":79,"column":12},"end":{"line":79,"column":59}},"26":{"start":{"line":81,"column":12},"end":{"line":86,"column":13}},"27":{"start":{"line":82,"column":34},"end":{"line":82,"column":76}},"28":{"start":{"line":83,"column":16},"end":{"line":83,"column":33}},"29":{"start":{"line":85,"column":16},"end":{"line":85,"column":26}},"30":{"start":{"line":88,"column":8},"end":{"line":88,"column":18}},"31":{"start":{"line":94,"column":8},"end":{"line":98,"column":17}},"32":{"start":{"line":103,"column":8},"end":{"line":103,"column":56}},"33":{"start":{"line":107,"column":0},"end":{"line":107,"column":30}}},"fnMap":{"0":{"name":"(anonymous_14)","decl":{"start":{"line":8,"column":0},"end":{"line":8,"column":6}},"loc":{"start":{"line":8,"column":0},"end":{"line":105,"column":1}}},"1":{"name":"(anonymous_15)","decl":{"start":{"line":26,"column":4},"end":{"line":26,"column":13}},"loc":{"start":{"line":26,"column":13},"end":{"line":28,"column":5}}},"2":{"name":"(anonymous_16)","decl":{"start":{"line":30,"column":4},"end":{"line":30,"column":16}},"loc":{"start":{"line":30,"column":47},"end":{"line":36,"column":5}}},"3":{"name":"(anonymous_17)","decl":{"start":{"line":39,"column":10},"end":{"line":39,"column":18}},"loc":{"start":{"line":39,"column":39},"end":{"line":45,"column":null}}},"4":{"name":"(anonymous_19)","decl":{"start":{"line":48,"column":10},"end":{"line":48,"column":21}},"loc":{"start":{"line":48,"column":36},"end":{"line":50,"column":null}}},"5":{"name":"(anonymous_21)","decl":{"start":{"line":52,"column":10},"end":{"line":52,"column":27}},"loc":{"start":{"line":52,"column":44},"end":{"line":54,"column":null}}},"6":{"name":"(anonymous_23)","decl":{"start":{"line":57,"column":10},"end":{"line":57,"column":17}},"loc":{"start":{"line":57,"column":35},"end":{"line":70,"column":null}}},"7":{"name":"(anonymous_25)","decl":{"start":{"line":72,"column":10},"end":{"line":72,"column":15}},"loc":{"start":{"line":72,"column":52},"end":{"line":89,"column":null}}},"8":{"name":"(anonymous_27)","decl":{"start":{"line":93,"column":10},"end":{"line":93,"column":24}},"loc":{"start":{"line":93,"column":75},"end":{"line":99,"column":null}}},"9":{"name":"(anonymous_29)","decl":{"start":{"line":102,"column":10},"end":{"line":102,"column":20}},"loc":{"start":{"line":102,"column":35},"end":{"line":104,"column":null}}}},"branchMap":{"0":{"loc":{"start":{"line":39,"column":19},"end":{"line":39,"column":29}},"type":"default-arg","locations":[{"start":{"line":39,"column":27},"end":{"line":39,"column":29}}]},"1":{"loc":{"start":{"line":39,"column":31},"end":{"line":39,"column":39}},"type":"default-arg","locations":[{"start":{"line":39,"column":38},"end":{"line":39,"column":39}}]},"2":{"loc":{"start":{"line":75,"column":8},"end":{"line":87,"column":9}},"type":"if","locations":[{"start":{"line":75,"column":8},"end":{"line":87,"column":9}}]},"3":{"loc":{"start":{"line":75,"column":11},"end":{"line":75,"column":45}},"type":"binary-expr","locations":[{"start":{"line":75,"column":11},"end":{"line":75,"column":15}},{"start":{"line":75,"column":19},"end":{"line":75,"column":28}},{"start":{"line":75,"column":32},"end":{"line":75,"column":45}}]},"4":{"loc":{"start":{"line":81,"column":12},"end":{"line":86,"column":13}},"type":"if","locations":[{"start":{"line":81,"column":12},"end":{"line":86,"column":13}},{"start":{"line":84,"column":17},"end":{"line":86,"column":13}}]}},"s":{"0":3,"1":3,"2":3,"3":3,"4":3,"5":3,"6":3,"7":0,"8":12,"9":12,"10":12,"11":12,"12":1,"13":18,"14":7,"15":6,"16":6,"17":6,"18":6,"19":6,"20":6,"21":6,"22":6,"23":6,"24":6,"25":6,"26":6,"27":5,"28":5,"29":1,"30":0,"31":2,"32":6,"33":3},"f":{"0":3,"1":0,"2":12,"3":1,"4":18,"5":7,"6":6,"7":6,"8":2,"9":6},"b":{"0":[0],"1":[0],"2":[6],"3":[6,6,6],"4":[5,1]}}
,"/home/riccardo/Documents/Git/testsFolder/back_end/src/functionalities/users/middleware/users.middleware.ts": {"path":"/home/riccardo/Documents/Git/testsFolder/back_end/src/functionalities/users/middleware/users.middleware.ts","statementMap":{"0":{"start":{"line":2,"column":0},"end":{"line":2,"column":43}},"1":{"start":{"line":3,"column":0},"end":{"line":3,"column":49}},"2":{"start":{"line":4,"column":0},"end":{"line":4,"column":53}},"3":{"start":{"line":5,"column":0},"end":{"line":5,"column":46}},"4":{"start":{"line":13,"column":36},"end":{"line":13,"column":59}},"5":{"start":{"line":15,"column":8},"end":{"line":21,"column":null}},"6":{"start":{"line":16,"column":12},"end":{"line":20,"column":13}},"7":{"start":{"line":17,"column":16},"end":{"line":17,"column":89}},"8":{"start":{"line":19,"column":16},"end":{"line":19,"column":23}},"9":{"start":{"line":29,"column":36},"end":{"line":29,"column":59}},"10":{"start":{"line":30,"column":25},"end":{"line":30,"column":42}},"11":{"start":{"line":31,"column":21},"end":{"line":31,"column":64}},"12":{"start":{"line":33,"column":8},"end":{"line":36,"column":19}},"13":{"start":{"line":34,"column":12},"end":{"line":34,"column":71}},"14":{"start":{"line":36,"column":12},"end":{"line":36,"column":19}},"15":{"start":{"line":44,"column":21},"end":{"line":44,"column":61}},"16":{"start":{"line":46,"column":8},"end":{"line":49,"column":87}},"17":{"start":{"line":47,"column":12},"end":{"line":47,"column":19}},"18":{"start":{"line":49,"column":12},"end":{"line":49,"column":87}},"19":{"start":{"line":57,"column":8},"end":{"line":60,"column":76}},"20":{"start":{"line":58,"column":12},"end":{"line":58,"column":19}},"21":{"start":{"line":60,"column":12},"end":{"line":60,"column":76}},"22":{"start":{"line":68,"column":8},"end":{"line":71,"column":64}},"23":{"start":{"line":69,"column":12},"end":{"line":69,"column":19}},"24":{"start":{"line":71,"column":12},"end":{"line":71,"column":64}},"25":{"start":{"line":79,"column":30},"end":{"line":79,"column":49}},"26":{"start":{"line":81,"column":8},"end":{"line":89,"column":67}},"27":{"start":{"line":82,"column":30},"end":{"line":82,"column":77}},"28":{"start":{"line":84,"column":12},"end":{"line":87,"column":71}},"29":{"start":{"line":85,"column":16},"end":{"line":85,"column":23}},"30":{"start":{"line":87,"column":16},"end":{"line":87,"column":71}},"31":{"start":{"line":89,"column":12},"end":{"line":89,"column":67}},"32":{"start":{"line":97,"column":8},"end":{"line":97,"column":40}},"33":{"start":{"line":98,"column":8},"end":{"line":98,"column":15}},"34":{"start":{"line":102,"column":0},"end":{"line":102,"column":37}}},"fnMap":{"0":{"name":"(anonymous_8)","decl":{"start":{"line":8,"column":10},"end":{"line":8,"column":28}},"loc":{"start":{"line":11,"column":34},"end":{"line":22,"column":null}}},"1":{"name":"(anonymous_10)","decl":{"start":{"line":15,"column":32},"end":{"line":15,"column":38}},"loc":{"start":{"line":15,"column":41},"end":{"line":21,"column":9}}},"2":{"name":"(anonymous_11)","decl":{"start":{"line":24,"column":10},"end":{"line":24,"column":38}},"loc":{"start":{"line":27,"column":34},"end":{"line":37,"column":null}}},"3":{"name":"(anonymous_13)","decl":{"start":{"line":39,"column":10},"end":{"line":39,"column":24}},"loc":{"start":{"line":42,"column":34},"end":{"line":50,"column":null}}},"4":{"name":"(anonymous_15)","decl":{"start":{"line":52,"column":10},"end":{"line":52,"column":27}},"loc":{"start":{"line":55,"column":34},"end":{"line":61,"column":null}}},"5":{"name":"(anonymous_17)","decl":{"start":{"line":63,"column":10},"end":{"line":63,"column":28}},"loc":{"start":{"line":66,"column":34},"end":{"line":72,"column":null}}},"6":{"name":"(anonymous_19)","decl":{"start":{"line":74,"column":10},"end":{"line":74,"column":29}},"loc":{"start":{"line":77,"column":34},"end":{"line":90,"column":null}}},"7":{"name":"(anonymous_21)","decl":{"start":{"line":92,"column":10},"end":{"line":92,"column":23}},"loc":{"start":{"line":95,"column":34},"end":{"line":99,"column":null}}}},"branchMap":{"0":{"loc":{"start":{"line":16,"column":12},"end":{"line":20,"column":13}},"type":"if","locations":[{"start":{"line":16,"column":12},"end":{"line":20,"column":13}},{"start":{"line":18,"column":16},"end":{"line":20,"column":13}}]},"1":{"loc":{"start":{"line":33,"column":8},"end":{"line":36,"column":19}},"type":"if","locations":[{"start":{"line":33,"column":8},"end":{"line":36,"column":19}},{"start":{"line":36,"column":12},"end":{"line":36,"column":19}}]},"2":{"loc":{"start":{"line":46,"column":8},"end":{"line":49,"column":87}},"type":"if","locations":[{"start":{"line":46,"column":8},"end":{"line":49,"column":87}},{"start":{"line":49,"column":12},"end":{"line":49,"column":87}}]},"3":{"loc":{"start":{"line":57,"column":8},"end":{"line":60,"column":76}},"type":"if","locations":[{"start":{"line":57,"column":8},"end":{"line":60,"column":76}},{"start":{"line":60,"column":12},"end":{"line":60,"column":76}}]},"4":{"loc":{"start":{"line":57,"column":11},"end":{"line":57,"column":49}},"type":"binary-expr","locations":[{"start":{"line":57,"column":11},"end":{"line":57,"column":28}},{"start":{"line":57,"column":32},"end":{"line":57,"column":49}}]},"5":{"loc":{"start":{"line":68,"column":8},"end":{"line":71,"column":64}},"type":"if","locations":[{"start":{"line":68,"column":8},"end":{"line":71,"column":64}},{"start":{"line":71,"column":12},"end":{"line":71,"column":64}}]},"6":{"loc":{"start":{"line":81,"column":8},"end":{"line":89,"column":67}},"type":"if","locations":[{"start":{"line":81,"column":8},"end":{"line":89,"column":67}},{"start":{"line":89,"column":12},"end":{"line":89,"column":67}}]},"7":{"loc":{"start":{"line":84,"column":12},"end":{"line":87,"column":71}},"type":"if","locations":[{"start":{"line":84,"column":12},"end":{"line":87,"column":71}},{"start":{"line":87,"column":16},"end":{"line":87,"column":71}}]}},"s":{"0":3,"1":3,"2":3,"3":3,"4":9,"5":9,"6":9,"7":1,"8":8,"9":7,"10":7,"11":7,"12":7,"13":1,"14":6,"15":15,"16":15,"17":12,"18":3,"19":7,"20":6,"21":1,"22":1,"23":1,"24":0,"25":74,"26":74,"27":72,"28":72,"29":71,"30":1,"31":2,"32":15,"33":15,"34":3},"f":{"0":9,"1":9,"2":7,"3":15,"4":7,"5":1,"6":74,"7":15},"b":{"0":[1,8],"1":[1,6],"2":[12,3],"3":[6,1],"4":[7,7],"5":[1,0],"6":[72,2],"7":[71,1]}}
,"/home/riccardo/Documents/Git/testsFolder/back_end/src/functionalities/users/models/user.model.ts": {"path":"/home/riccardo/Documents/Git/testsFolder/back_end/src/functionalities/users/models/user.model.ts","statementMap":{"0":{"start":{"line":1,"column":0},"end":{"line":1,"column":45}},"1":{"start":{"line":21,"column":8},"end":{"line":21,"column":46}},"2":{"start":{"line":22,"column":8},"end":{"line":22,"column":44}},"3":{"start":{"line":23,"column":8},"end":{"line":23,"column":44}},"4":{"start":{"line":24,"column":8},"end":{"line":24,"column":38}},"5":{"start":{"line":25,"column":8},"end":{"line":25,"column":46}},"6":{"start":{"line":26,"column":8},"end":{"line":26,"column":48}},"7":{"start":{"line":27,"column":8},"end":{"line":27,"column":44}},"8":{"start":{"line":4,"column":0},"end":{"line":4,"column":13}},"9":{"start":{"line":6,"column":4},"end":{"line":6,"column":null}},"10":{"start":{"line":8,"column":4},"end":{"line":8,"column":null}},"11":{"start":{"line":10,"column":4},"end":{"line":10,"column":null}},"12":{"start":{"line":12,"column":4},"end":{"line":12,"column":null}},"13":{"start":{"line":14,"column":4},"end":{"line":14,"column":null}},"14":{"start":{"line":16,"column":4},"end":{"line":16,"column":null}},"15":{"start":{"line":18,"column":4},"end":{"line":18,"column":null}}},"fnMap":{"0":{"name":"(anonymous_1)","decl":{"start":{"line":20,"column":4},"end":{"line":20,"column":16}},"loc":{"start":{"line":20,"column":36},"end":{"line":28,"column":5}}}},"branchMap":{"0":{"loc":{"start":{"line":21,"column":25},"end":{"line":21,"column":45}},"type":"binary-expr","locations":[{"start":{"line":21,"column":25},"end":{"line":21,"column":39}},{"start":{"line":21,"column":43},"end":{"line":21,"column":45}}]},"1":{"loc":{"start":{"line":22,"column":24},"end":{"line":22,"column":43}},"type":"binary-expr","locations":[{"start":{"line":22,"column":24},"end":{"line":22,"column":37}},{"start":{"line":22,"column":41},"end":{"line":22,"column":43}}]},"2":{"loc":{"start":{"line":23,"column":24},"end":{"line":23,"column":43}},"type":"binary-expr","locations":[{"start":{"line":23,"column":24},"end":{"line":23,"column":37}},{"start":{"line":23,"column":41},"end":{"line":23,"column":43}}]},"3":{"loc":{"start":{"line":24,"column":21},"end":{"line":24,"column":37}},"type":"binary-expr","locations":[{"start":{"line":24,"column":21},"end":{"line":24,"column":31}},{"start":{"line":24,"column":35},"end":{"line":24,"column":37}}]},"4":{"loc":{"start":{"line":25,"column":25},"end":{"line":25,"column":45}},"type":"binary-expr","locations":[{"start":{"line":25,"column":25},"end":{"line":25,"column":39}},{"start":{"line":25,"column":43},"end":{"line":25,"column":45}}]},"5":{"loc":{"start":{"line":26,"column":25},"end":{"line":26,"column":47}},"type":"binary-expr","locations":[{"start":{"line":26,"column":25},"end":{"line":26,"column":39}},{"start":{"line":26,"column":43},"end":{"line":26,"column":47}}]},"6":{"loc":{"start":{"line":27,"column":24},"end":{"line":27,"column":43}},"type":"binary-expr","locations":[{"start":{"line":27,"column":24},"end":{"line":27,"column":37}},{"start":{"line":27,"column":41},"end":{"line":27,"column":43}}]}},"s":{"0":3,"1":16,"2":16,"3":16,"4":16,"5":16,"6":16,"7":16,"8":3,"9":3,"10":3,"11":3,"12":3,"13":3,"14":3,"15":3},"f":{"0":16},"b":{"0":[16,0],"1":[16,0],"2":[16,0],"3":[16,0],"4":[16,0],"5":[16,0],"6":[16,1]}}
,"/home/riccardo/Documents/Git/testsFolder/back_end/src/functionalities/users/services/users.service.ts": {"path":"/home/riccardo/Documents/Git/testsFolder/back_end/src/functionalities/users/services/users.service.ts","statementMap":{"0":{"start":{"line":2,"column":0},"end":{"line":2,"column":40}},"1":{"start":{"line":6,"column":8},"end":{"line":6,"column":46}},"2":{"start":{"line":10,"column":8},"end":{"line":10,"column":40}},"3":{"start":{"line":14,"column":8},"end":{"line":14,"column":52}},"4":{"start":{"line":18,"column":8},"end":{"line":18,"column":42}},"5":{"start":{"line":22,"column":8},"end":{"line":22,"column":53}},"6":{"start":{"line":26,"column":8},"end":{"line":26,"column":53}},"7":{"start":{"line":30,"column":8},"end":{"line":30,"column":39}},"8":{"start":{"line":34,"column":0},"end":{"line":34,"column":34}}},"fnMap":{"0":{"name":"(anonymous_8)","decl":{"start":{"line":5,"column":10},"end":{"line":5,"column":14}},"loc":{"start":{"line":5,"column":42},"end":{"line":7,"column":null}}},"1":{"name":"(anonymous_10)","decl":{"start":{"line":9,"column":10},"end":{"line":9,"column":18}},"loc":{"start":{"line":9,"column":29},"end":{"line":11,"column":null}}},"2":{"name":"(anonymous_12)","decl":{"start":{"line":13,"column":10},"end":{"line":13,"column":24}},"loc":{"start":{"line":13,"column":41},"end":{"line":15,"column":null}}},"3":{"name":"(anonymous_14)","decl":{"start":{"line":17,"column":10},"end":{"line":17,"column":16}},"loc":{"start":{"line":17,"column":30},"end":{"line":19,"column":null}}},"4":{"name":"(anonymous_16)","decl":{"start":{"line":21,"column":10},"end":{"line":21,"column":17}},"loc":{"start":{"line":21,"column":43},"end":{"line":23,"column":null}}},"5":{"name":"(anonymous_18)","decl":{"start":{"line":25,"column":10},"end":{"line":25,"column":19}},"loc":{"start":{"line":25,"column":45},"end":{"line":27,"column":null}}},"6":{"name":"(anonymous_20)","decl":{"start":{"line":29,"column":10},"end":{"line":29,"column":20}},"loc":{"start":{"line":29,"column":31},"end":{"line":31,"column":null}}}},"branchMap":{},"s":{"0":3,"1":1,"2":18,"3":7,"4":6,"5":1,"6":1,"7":6,"8":3},"f":{"0":1,"1":18,"2":7,"3":6,"4":1,"5":1,"6":6},"b":{}}
}
