TN:
SF:app.ts
FN:28,(anonymous_1)
FN:33,(anonymous_2)
FNF:2
FNH:0
FNDA:0,(anonymous_1)
FNDA:0,(anonymous_2)
DA:1,3
DA:3,3
DA:6,3
DA:7,3
DA:8,3
DA:10,3
DA:11,3
DA:12,3
DA:13,3
DA:16,3
DA:17,3
DA:18,3
DA:22,3
DA:23,3
DA:24,3
DA:27,3
DA:28,3
DA:29,0
DA:32,3
DA:33,0
DA:36,0
DA:40,3
LF:22
LH:19
BRDA:12,0,0,3
BRDA:12,0,1,0
BRDA:32,1,0,0
BRF:3
BRH:1
end_of_record
TN:
SF:src/functionalities/apartments/apartments.router.ts
FN:10,(anonymous_1)
FN:14,(anonymous_2)
FNF:2
FNH:2
FNDA:3,(anonymous_1)
FNDA:3,(anonymous_2)
DA:3,3
DA:4,3
DA:5,3
DA:6,3
DA:7,3
DA:9,3
DA:11,3
DA:15,3
DA:21,3
DA:22,3
DA:28,3
DA:35,3
DA:41,3
DA:49,3
DA:57,3
DA:64,3
DA:71,3
LF:17
LH:17
BRF:0
BRH:0
end_of_record
TN:
SF:src/functionalities/apartments/controllers/apartments.controller.ts
FN:8,(anonymous_8)
FN:13,(anonymous_10)
FN:22,(anonymous_12)
FN:27,(anonymous_14)
FN:37,(anonymous_16)
FN:42,(anonymous_18)
FN:47,(anonymous_20)
FN:52,(anonymous_22)
FN:57,(anonymous_24)
FN:62,(anonymous_26)
FN:67,(anonymous_28)
FN:72,(anonymous_30)
FN:83,(anonymous_32)
FN:94,(anonymous_34)
FN:101,(anonymous_36)
FN:110,(anonymous_37)
FN:114,(anonymous_38)
FN:127,(anonymous_39)
FN:135,(anonymous_40)
FN:137,(anonymous_41)
FN:139,(anonymous_42)
FN:152,(anonymous_43)
FNF:22
FNH:21
FNDA:0,(anonymous_8)
FNDA:1,(anonymous_10)
FNDA:3,(anonymous_12)
FNDA:3,(anonymous_14)
FNDA:1,(anonymous_16)
FNDA:2,(anonymous_18)
FNDA:3,(anonymous_20)
FNDA:1,(anonymous_22)
FNDA:1,(anonymous_24)
FNDA:2,(anonymous_26)
FNDA:1,(anonymous_28)
FNDA:1,(anonymous_30)
FNDA:1,(anonymous_32)
FNDA:1,(anonymous_34)
FNDA:3,(anonymous_36)
FNDA:3,(anonymous_37)
FNDA:9,(anonymous_38)
FNDA:2,(anonymous_39)
FNDA:4,(anonymous_40)
FNDA:4,(anonymous_41)
FNDA:8,(anonymous_42)
FNDA:3,(anonymous_43)
DA:3,3
DA:5,3
DA:9,0
DA:10,0
DA:14,1
DA:16,1
DA:17,1
DA:18,1
DA:23,3
DA:24,3
DA:28,3
DA:29,3
DA:30,3
DA:31,3
DA:33,3
DA:34,3
DA:38,1
DA:39,1
DA:43,2
DA:44,2
DA:48,3
DA:49,3
DA:53,1
DA:54,1
DA:58,1
DA:59,1
DA:63,2
DA:64,2
DA:68,1
DA:69,1
DA:73,1
DA:75,1
DA:76,1
DA:77,1
DA:79,0
DA:84,1
DA:86,1
DA:87,1
DA:88,1
DA:90,0
DA:95,1
DA:96,1
DA:99,1
DA:101,1
DA:102,3
DA:103,3
DA:104,3
DA:108,1
DA:110,1
DA:112,3
DA:114,9
DA:116,3
DA:117,3
DA:127,1
DA:129,2
DA:130,2
DA:131,2
DA:133,2
DA:134,2
DA:135,4
DA:137,2
DA:138,4
DA:139,8
DA:141,4
DA:142,4
DA:149,1
DA:153,3
DA:155,3
DA:159,3
LF:69
LH:65
BRDA:16,0,0,1
BRDA:30,1,0,0
BRDA:30,1,1,3
BRDA:30,2,0,3
BRDA:30,2,1,3
BRDA:31,3,0,0
BRDA:31,3,1,3
BRDA:31,4,0,3
BRDA:31,4,1,3
BRDA:75,5,0,1
BRDA:75,5,1,0
BRDA:86,6,0,1
BRDA:86,6,1,0
BRDA:102,7,0,3
BRDA:116,8,0,3
BRDA:133,9,0,2
BRDA:133,10,0,2
BRDA:133,10,1,2
BRDA:138,11,0,4
BRDA:139,12,0,0
BRDA:139,12,1,4
BRDA:139,13,0,4
BRDA:139,13,1,4
BRDA:141,14,0,4
BRDA:155,15,0,0
BRDA:155,15,1,3
BRDA:155,16,0,3
BRDA:155,16,1,3
BRF:28
BRH:22
end_of_record
TN:
SF:src/functionalities/apartments/dao/apartments.dao.ts
FN:11,(anonymous_8)
FN:26,(anonymous_9)
FN:33,(anonymous_11)
FN:42,(anonymous_13)
FN:46,(anonymous_15)
FN:56,(anonymous_17)
FN:71,(anonymous_19)
FN:83,(anonymous_21)
FN:91,(anonymous_23)
FN:100,(anonymous_25)
FN:109,(anonymous_27)
FN:114,(anonymous_29)
FN:122,(anonymous_31)
FNF:13
FNH:12
FNDA:3,(anonymous_8)
FNDA:0,(anonymous_9)
FNDA:1,(anonymous_11)
FNDA:41,(anonymous_13)
FNDA:2,(anonymous_15)
FNDA:2,(anonymous_17)
FNDA:3,(anonymous_19)
FNDA:3,(anonymous_21)
FNDA:2,(anonymous_23)
FNDA:1,(anonymous_25)
FNDA:3,(anonymous_27)
FNDA:1,(anonymous_29)
FNDA:1,(anonymous_31)
DA:1,3
DA:3,3
DA:7,3
DA:9,3
DA:12,3
DA:14,3
DA:23,3
DA:27,0
DA:34,1
DA:43,41
DA:47,2
DA:49,2
DA:50,2
DA:53,0
DA:57,2
DA:59,2
DA:60,2
DA:62,2
DA:64,2
DA:67,0
DA:72,3
DA:73,3
DA:78,3
DA:79,3
DA:84,3
DA:92,2
DA:93,2
DA:97,2
DA:101,1
DA:110,3
DA:115,1
DA:123,1
DA:129,1
DA:133,3
LF:34
LH:31
BRDA:26,0,0,0
BRDA:26,1,0,0
BRDA:33,2,0,0
BRDA:33,3,0,0
BRDA:49,4,0,2
BRDA:59,5,0,2
BRF:6
BRH:2
end_of_record
TN:
SF:src/functionalities/apartments/middleware/apartments.middleware.ts
FN:10,(anonymous_8)
FN:17,(anonymous_10)
FN:25,(anonymous_11)
FN:38,(anonymous_13)
FN:51,(anonymous_15)
FN:69,(anonymous_17)
FN:78,(anonymous_19)
FNF:7
FNH:7
FNDA:7,(anonymous_8)
FNDA:7,(anonymous_10)
FNDA:30,(anonymous_11)
FNDA:2,(anonymous_13)
FNDA:5,(anonymous_15)
FNDA:33,(anonymous_17)
FNDA:2,(anonymous_19)
DA:3,3
DA:4,3
DA:5,3
DA:6,3
DA:7,3
DA:15,7
DA:17,7
DA:18,7
DA:19,2
DA:21,5
DA:30,30
DA:32,30
DA:33,22
DA:35,8
DA:43,2
DA:45,2
DA:46,1
DA:48,1
DA:56,5
DA:57,5
DA:58,5
DA:60,5
DA:61,5
DA:62,3
DA:64,2
DA:74,33
DA:75,33
DA:83,2
DA:84,2
DA:88,3
LF:30
LH:30
BRDA:18,0,0,2
BRDA:18,0,1,5
BRDA:32,1,0,22
BRDA:32,1,1,8
BRDA:45,2,0,1
BRDA:45,2,1,1
BRDA:60,3,0,5
BRDA:60,4,0,5
BRDA:60,4,1,5
BRDA:61,5,0,3
BRDA:61,5,1,2
BRDA:61,6,0,5
BRDA:61,6,1,5
BRF:13
BRH:13
end_of_record
TN:
SF:src/functionalities/apartments/models/apartment.model.ts
FN:13,(anonymous_1)
FNF:1
FNH:1
FNDA:7,(anonymous_1)
DA:2,3
DA:4,3
DA:6,3
DA:8,3
DA:14,7
DA:15,7
DA:16,7
DA:17,7
DA:18,7
LF:9
LH:9
BRDA:14,0,0,7
BRDA:14,0,1,0
BRDA:15,1,0,7
BRDA:15,1,1,2
BRDA:16,2,0,7
BRDA:16,2,1,7
BRDA:17,3,0,7
BRDA:17,3,1,7
BRDA:18,4,0,7
BRDA:18,4,1,7
BRF:10
BRH:9
end_of_record
TN:
SF:src/functionalities/apartments/services/apartment.service.ts
FN:6,(anonymous_8)
FN:10,(anonymous_10)
FN:14,(anonymous_12)
FN:18,(anonymous_14)
FN:22,(anonymous_16)
FN:26,(anonymous_18)
FN:30,(anonymous_20)
FN:34,(anonymous_22)
FN:38,(anonymous_24)
FN:42,(anonymous_26)
FN:46,(anonymous_28)
FN:50,(anonymous_30)
FN:54,(anonymous_32)
FNF:13
FNH:12
FNDA:0,(anonymous_8)
FNDA:1,(anonymous_10)
FNDA:41,(anonymous_12)
FNDA:3,(anonymous_14)
FNDA:1,(anonymous_16)
FNDA:2,(anonymous_18)
FNDA:3,(anonymous_20)
FNDA:2,(anonymous_22)
FNDA:2,(anonymous_24)
FNDA:2,(anonymous_26)
FNDA:1,(anonymous_28)
FNDA:1,(anonymous_30)
FNDA:1,(anonymous_32)
DA:3,3
DA:7,0
DA:11,1
DA:15,41
DA:19,3
DA:23,1
DA:27,2
DA:31,3
DA:35,2
DA:39,2
DA:43,2
DA:47,1
DA:51,1
DA:55,1
DA:59,3
LF:15
LH:14
BRF:0
BRH:0
end_of_record
TN:
SF:src/functionalities/common/common.routes.config.ts
FN:7,(anonymous_0)
FN:13,(anonymous_1)
FNF:2
FNH:1
FNDA:9,(anonymous_0)
FNDA:0,(anonymous_1)
DA:3,3
DA:8,9
DA:9,9
DA:10,9
DA:14,0
LF:5
LH:4
BRF:0
BRH:0
end_of_record
TN:
SF:src/functionalities/common/services/mongoose.service.ts
FN:10,(anonymous_1)
FN:18,(anonymous_2)
FN:22,(anonymous_3)
FN:25,(anonymous_4)
FN:14,(anonymous_5)
FNF:5
FNH:4
FNDA:3,(anonymous_1)
FNDA:3,(anonymous_2)
FNDA:3,(anonymous_3)
FNDA:0,(anonymous_4)
FNDA:24,(anonymous_5)
DA:1,3
DA:2,3
DA:5,3
DA:6,3
DA:11,3
DA:15,24
DA:18,3
DA:19,3
DA:20,3
DA:23,3
DA:26,0
DA:27,0
DA:32,0
DA:36,3
LF:14
LH:11
BRDA:21,0,0,3
BRDA:21,0,1,0
BRF:2
BRH:1
end_of_record
TN:
SF:src/functionalities/expenses/exenses.routers.config.ts
FN:9,(anonymous_1)
FN:13,(anonymous_2)
FNF:2
FNH:2
FNDA:3,(anonymous_1)
FNDA:3,(anonymous_2)
DA:3,3
DA:4,3
DA:5,3
DA:6,3
DA:8,3
DA:10,3
DA:14,3
DA:18,3
DA:19,3
DA:25,3
DA:34,3
DA:39,3
LF:12
LH:12
BRF:0
BRH:0
end_of_record
TN:
SF:src/functionalities/expenses/controllers/expenses.controller.ts
FN:6,(anonymous_8)
FN:11,(anonymous_10)
FN:16,(anonymous_12)
FN:21,(anonymous_14)
FN:26,(anonymous_16)
FN:31,(anonymous_18)
FNF:6
FNH:5
FNDA:1,(anonymous_8)
FNDA:3,(anonymous_10)
FNDA:0,(anonymous_12)
FNDA:1,(anonymous_14)
FNDA:1,(anonymous_16)
FNDA:1,(anonymous_18)
DA:3,3
DA:7,1
DA:8,1
DA:12,3
DA:13,3
DA:17,0
DA:18,0
DA:22,1
DA:23,1
DA:27,1
DA:28,1
DA:32,1
DA:33,1
DA:37,3
LF:14
LH:12
BRF:0
BRH:0
end_of_record
TN:
SF:src/functionalities/expenses/dao/expenses.dao.ts
FN:7,(anonymous_8)
FN:22,(anonymous_9)
FN:27,(anonymous_10)
FN:34,(anonymous_12)
FN:39,(anonymous_14)
FN:51,(anonymous_16)
FN:60,(anonymous_18)
FNF:7
FNH:7
FNDA:3,(anonymous_8)
FNDA:2,(anonymous_9)
FNDA:1,(anonymous_10)
FNDA:18,(anonymous_12)
FNDA:2,(anonymous_14)
FNDA:2,(anonymous_16)
FNDA:2,(anonymous_18)
DA:1,3
DA:2,3
DA:8,3
DA:10,3
DA:20,3
DA:23,2
DA:28,1
DA:35,18
DA:40,2
DA:41,2
DA:46,2
DA:47,2
DA:52,2
DA:61,2
DA:65,3
LF:15
LH:15
BRDA:27,0,0,0
BRDA:27,1,0,0
BRF:2
BRH:0
end_of_record
TN:
SF:src/functionalities/expenses/middleware/expenses.middleware.ts
FN:8,(anonymous_8)
FN:15,(anonymous_10)
FN:23,(anonymous_11)
FN:38,(anonymous_13)
FN:66,(anonymous_14)
FN:75,(anonymous_16)
FNF:6
FNH:6
FNDA:6,(anonymous_8)
FNDA:6,(anonymous_10)
FNDA:3,(anonymous_11)
FNDA:9,(anonymous_13)
FNDA:13,(anonymous_14)
FNDA:13,(anonymous_16)
DA:2,3
DA:3,3
DA:4,3
DA:5,3
DA:13,6
DA:15,6
DA:16,6
DA:17,2
DA:19,4
DA:28,3
DA:29,3
DA:31,3
DA:33,3
DA:34,3
DA:36,3
DA:38,3
DA:39,9
DA:40,3
DA:43,3
DA:44,3
DA:45,6
DA:47,6
DA:48,14
DA:49,5
DA:50,5
DA:54,6
DA:55,1
DA:59,3
DA:60,2
DA:62,1
DA:71,13
DA:72,13
DA:80,13
DA:82,13
DA:83,9
DA:85,4
DA:89,3
LF:37
LH:37
BRDA:16,0,0,2
BRDA:16,0,1,4
BRDA:33,1,0,3
BRDA:39,2,0,3
BRDA:43,3,0,3
BRDA:48,4,0,5
BRDA:54,5,0,1
BRDA:59,6,0,2
BRDA:59,6,1,1
BRDA:82,7,0,9
BRDA:82,7,1,4
BRF:11
BRH:11
end_of_record
TN:
SF:src/functionalities/expenses/model/expenses.model.ts
FN:20,(anonymous_1)
FNF:1
FNH:1
FNDA:6,(anonymous_1)
DA:1,3
DA:4,3
DA:6,3
DA:8,3
DA:11,3
DA:13,3
DA:15,3
DA:18,3
DA:21,6
DA:22,6
DA:23,6
DA:24,6
DA:25,6
DA:26,6
LF:14
LH:14
BRDA:21,0,0,6
BRDA:21,0,1,0
BRDA:22,1,0,6
BRDA:22,1,1,0
BRDA:23,2,0,6
BRDA:23,2,1,1
BRDA:25,3,0,6
BRDA:25,3,1,0
BRDA:26,4,0,6
BRDA:26,4,1,1
BRF:10
BRH:7
end_of_record
TN:
SF:src/functionalities/expenses/services/expenses.service.ts
FN:5,(anonymous_8)
FN:9,(anonymous_10)
FN:13,(anonymous_12)
FN:17,(anonymous_14)
FN:21,(anonymous_16)
FN:25,(anonymous_18)
FNF:6
FNH:6
FNDA:1,(anonymous_8)
FNDA:18,(anonymous_10)
FNDA:2,(anonymous_12)
FNDA:1,(anonymous_14)
FNDA:1,(anonymous_16)
FNDA:2,(anonymous_18)
DA:2,3
DA:6,1
DA:10,18
DA:14,2
DA:18,1
DA:22,1
DA:26,2
DA:30,3
LF:8
LH:8
BRF:0
BRH:0
end_of_record
TN:
SF:src/functionalities/users/users.router.config.ts
FN:7,(anonymous_1)
FN:11,(anonymous_2)
FNF:2
FNH:2
FNDA:3,(anonymous_1)
FNDA:3,(anonymous_2)
DA:2,3
DA:3,3
DA:4,3
DA:6,3
DA:8,3
DA:12,3
DA:18,3
DA:24,3
DA:30,3
DA:35,3
DA:36,3
DA:42,3
DA:49,3
DA:54,3
LF:14
LH:14
BRF:0
BRH:0
end_of_record
TN:
SF:src/functionalities/users/controllers/users.controller.ts
FN:7,(anonymous_8)
FN:19,(anonymous_10)
FN:24,(anonymous_12)
FN:29,(anonymous_14)
FN:34,(anonymous_16)
FN:39,(anonymous_18)
FN:44,(anonymous_20)
FN:49,(anonymous_22)
FNF:8
FNH:8
FNDA:6,(anonymous_8)
FNDA:1,(anonymous_10)
FNDA:1,(anonymous_12)
FNDA:3,(anonymous_14)
FNDA:6,(anonymous_16)
FNDA:1,(anonymous_18)
FNDA:1,(anonymous_20)
FNDA:6,(anonymous_22)
DA:2,3
DA:3,3
DA:4,3
DA:8,6
DA:10,6
DA:11,1
DA:13,5
DA:14,5
DA:15,5
DA:20,1
DA:21,1
DA:25,1
DA:26,1
DA:30,3
DA:31,3
DA:35,6
DA:36,6
DA:40,1
DA:41,1
DA:45,1
DA:46,1
DA:50,6
DA:51,6
DA:55,3
LF:24
LH:24
BRDA:10,0,0,1
BRDA:10,0,1,5
BRF:2
BRH:2
end_of_record
TN:
SF:src/functionalities/users/dao/sessions.dao.ts
FN:5,(anonymous_8)
FN:17,(anonymous_9)
FN:22,(anonymous_11)
FN:41,(anonymous_13)
FN:45,(anonymous_15)
FNF:5
FNH:5
FNDA:3,(anonymous_8)
FNDA:83,(anonymous_9)
FNDA:5,(anonymous_11)
FNDA:6,(anonymous_13)
FNDA:88,(anonymous_15)
DA:1,3
DA:3,3
DA:6,3
DA:8,3
DA:15,3
DA:18,83
DA:19,83
DA:23,5
DA:24,5
DA:26,5
DA:27,5
DA:28,5
DA:30,5
DA:37,5
DA:38,5
DA:42,6
DA:46,88
DA:50,3
LF:18
LH:18
BRF:0
BRH:0
end_of_record
TN:
SF:src/functionalities/users/dao/users.dao.ts
FN:8,(anonymous_14)
FN:26,(anonymous_15)
FN:30,(anonymous_16)
FN:39,(anonymous_17)
FN:48,(anonymous_19)
FN:52,(anonymous_21)
FN:57,(anonymous_23)
FN:72,(anonymous_25)
FN:93,(anonymous_27)
FN:102,(anonymous_29)
FNF:10
FNH:9
FNDA:3,(anonymous_14)
FNDA:0,(anonymous_15)
FNDA:12,(anonymous_16)
FNDA:1,(anonymous_17)
FNDA:18,(anonymous_19)
FNDA:7,(anonymous_21)
FNDA:6,(anonymous_23)
FNDA:6,(anonymous_25)
FNDA:2,(anonymous_27)
FNDA:6,(anonymous_29)
DA:1,3
DA:2,3
DA:4,3
DA:6,3
DA:9,3
DA:12,3
DA:24,3
DA:27,0
DA:31,12
DA:32,12
DA:33,12
DA:35,12
DA:40,1
DA:49,18
DA:53,7
DA:58,6
DA:59,6
DA:61,6
DA:63,6
DA:68,6
DA:69,6
DA:73,6
DA:75,6
DA:76,6
DA:77,6
DA:79,6
DA:81,6
DA:82,5
DA:83,5
DA:85,1
DA:88,0
DA:94,2
DA:103,6
DA:107,3
LF:34
LH:32
BRDA:39,0,0,0
BRDA:39,1,0,0
BRDA:75,2,0,6
BRDA:75,3,0,6
BRDA:75,3,1,6
BRDA:75,3,2,6
BRDA:81,4,0,5
BRDA:81,4,1,1
BRF:8
BRH:6
end_of_record
TN:
SF:src/functionalities/users/middleware/users.middleware.ts
FN:8,(anonymous_8)
FN:15,(anonymous_10)
FN:24,(anonymous_11)
FN:39,(anonymous_13)
FN:52,(anonymous_15)
FN:63,(anonymous_17)
FN:74,(anonymous_19)
FN:92,(anonymous_21)
FNF:8
FNH:8
FNDA:9,(anonymous_8)
FNDA:9,(anonymous_10)
FNDA:7,(anonymous_11)
FNDA:15,(anonymous_13)
FNDA:7,(anonymous_15)
FNDA:1,(anonymous_17)
FNDA:74,(anonymous_19)
FNDA:15,(anonymous_21)
DA:2,3
DA:3,3
DA:4,3
DA:5,3
DA:13,9
DA:15,9
DA:16,9
DA:17,1
DA:19,8
DA:29,7
DA:30,7
DA:31,7
DA:33,7
DA:34,1
DA:36,6
DA:44,15
DA:46,15
DA:47,12
DA:49,3
DA:57,7
DA:58,6
DA:60,1
DA:68,1
DA:69,1
DA:71,0
DA:79,74
DA:81,74
DA:82,72
DA:84,72
DA:85,71
DA:87,1
DA:89,2
DA:97,15
DA:98,15
DA:102,3
LF:35
LH:34
BRDA:16,0,0,1
BRDA:16,0,1,8
BRDA:33,1,0,1
BRDA:33,1,1,6
BRDA:46,2,0,12
BRDA:46,2,1,3
BRDA:57,3,0,6
BRDA:57,3,1,1
BRDA:57,4,0,7
BRDA:57,4,1,7
BRDA:68,5,0,1
BRDA:68,5,1,0
BRDA:81,6,0,72
BRDA:81,6,1,2
BRDA:84,7,0,71
BRDA:84,7,1,1
BRF:16
BRH:15
end_of_record
TN:
SF:src/functionalities/users/models/user.model.ts
FN:20,(anonymous_1)
FNF:1
FNH:1
FNDA:16,(anonymous_1)
DA:1,3
DA:4,3
DA:6,3
DA:8,3
DA:10,3
DA:12,3
DA:14,3
DA:16,3
DA:18,3
DA:21,16
DA:22,16
DA:23,16
DA:24,16
DA:25,16
DA:26,16
DA:27,16
LF:16
LH:16
BRDA:21,0,0,16
BRDA:21,0,1,0
BRDA:22,1,0,16
BRDA:22,1,1,0
BRDA:23,2,0,16
BRDA:23,2,1,0
BRDA:24,3,0,16
BRDA:24,3,1,0
BRDA:25,4,0,16
BRDA:25,4,1,0
BRDA:26,5,0,16
BRDA:26,5,1,0
BRDA:27,6,0,16
BRDA:27,6,1,1
BRF:14
BRH:8
end_of_record
TN:
SF:src/functionalities/users/services/users.service.ts
FN:5,(anonymous_8)
FN:9,(anonymous_10)
FN:13,(anonymous_12)
FN:17,(anonymous_14)
FN:21,(anonymous_16)
FN:25,(anonymous_18)
FN:29,(anonymous_20)
FNF:7
FNH:7
FNDA:1,(anonymous_8)
FNDA:18,(anonymous_10)
FNDA:7,(anonymous_12)
FNDA:6,(anonymous_14)
FNDA:1,(anonymous_16)
FNDA:1,(anonymous_18)
FNDA:6,(anonymous_20)
DA:2,3
DA:6,1
DA:10,18
DA:14,7
DA:18,6
DA:22,1
DA:26,1
DA:30,6
DA:34,3
LF:9
LH:9
BRF:0
BRH:0
end_of_record
